#
# There is insufficient memory for the Java Runtime Environment to continue.
# Native memory allocation (mmap) failed to map 20971520 bytes for G1 virtual space
# Possible reasons:
#   The system is out of physical RAM or swap space
#   The process is running with CompressedOops enabled, and the Java Heap may be blocking the growth of the native heap
# Possible solutions:
#   Reduce memory load on the system
#   Increase physical memory or swap space
#   Check if swap backing store is full
#   Decrease Java heap size (-Xmx/-Xms)
#   Decrease number of Java threads
#   Decrease Java thread stack sizes (-Xss)
#   Set larger code cache with -XX:ReservedCodeCacheSize=
#   JVM is running with Unscaled Compressed Oops mode in which the Java heap is
#     placed in the first 4GB address space. The Java Heap base address is the
#     maximum limit for the native heap growth. Please use -XX:HeapBaseMinAddress
#     to set the Java Heap base and to place the Java Heap above 4GB virtual address.
# This output file may be truncated or incomplete.
#
#  Out of Memory Error (os_windows.cpp:3527), pid=2768, tid=1148
#
# JRE version: Java(TM) SE Runtime Environment (19.0.1+10) (build 19.0.1+10-21)
# Java VM: Java HotSpot(TM) 64-Bit Server VM (19.0.1+10-21, mixed mode, sharing, tiered, compressed oops, compressed class ptrs, g1 gc, windows-amd64)
# No core dump will be written. Minidumps are not enabled by default on client versions of Windows
#

---------------  S U M M A R Y ------------

Command Line: -javaagent:C:\Program Files\JetBrains\IntelliJ IDEA Community Edition 2023.1.1\lib\idea_rt.jar=57663:C:\Program Files\JetBrains\IntelliJ IDEA Community Edition 2023.1.1\bin -Dfile.encoding=UTF-8 -Dsun.stdout.encoding=UTF-8 -Dsun.stderr.encoding=UTF-8 com.example.Category.Management.CategoryManagementApplication

Host: Intel(R) Core(TM) i3-3240 CPU @ 3.40GHz, 4 cores, 7G,  Windows 10 , 64 bit Build 19041 (10.0.19041.2788)
Time: Sat May 13 23:38:48 2023 India Standard Time elapsed time: 15.480030 seconds (0d 0h 0m 15s)

---------------  T H R E A D  ---------------

Current thread (0x000002c250a31260):  VMThread "VM Thread" [stack: 0x000000c5cfd00000,0x000000c5cfe00000] [id=1148]

Stack: [0x000000c5cfd00000,0x000000c5cfe00000]
Native frames: (J=compiled Java code, j=interpreted, Vv=VM code, C=native code)
V  [jvm.dll+0x6ee8fa]
V  [jvm.dll+0x857a1e]
V  [jvm.dll+0x85940e]
V  [jvm.dll+0x859ac3]
V  [jvm.dll+0x28291f]
V  [jvm.dll+0x6eb6e9]
V  [jvm.dll+0x6e028a]
V  [jvm.dll+0x357136]
V  [jvm.dll+0x35eb96]
V  [jvm.dll+0x3b555e]
V  [jvm.dll+0x3b578f]
V  [jvm.dll+0x32c6ea]
V  [jvm.dll+0x32c797]
V  [jvm.dll+0x374b52]
V  [jvm.dll+0x37328f]
V  [jvm.dll+0x32bf10]
V  [jvm.dll+0x37282b]
V  [jvm.dll+0x85ef83]
V  [jvm.dll+0x85fd49]
V  [jvm.dll+0x86027d]
V  [jvm.dll+0x86070b]
V  [jvm.dll+0x8607c7]
V  [jvm.dll+0x8015fa]
V  [jvm.dll+0x6ed5eb]
C  [ucrtbase.dll+0x21bb2]
C  [KERNEL32.DLL+0x17604]
C  [ntdll.dll+0x526a1]

VM_Operation (0x000000c5d18fe420): G1CollectForAllocation, mode: safepoint, requested by thread 0x000002c2573c3850


---------------  P R O C E S S  ---------------

Threads class SMR info:
_java_thread_list=0x000002c2586ecd60, length=26, elements={
0x000002c232af0400, 0x000002c250a4fae0, 0x000002c250a50a70, 0x000002c250a56260,
0x000002c250a57d40, 0x000002c250a5d830, 0x000002c250a81a90, 0x000002c250a829d0,
0x000002c250a844f0, 0x000002c250a977d0, 0x000002c250a1f5f0, 0x000002c254e668e0,
0x000002c254ffa370, 0x000002c2577d5f00, 0x000002c257028940, 0x000002c2568f9270,
0x000002c2568fa260, 0x000002c2568f97c0, 0x000002c2568fb250, 0x000002c2568f9d10,
0x000002c2573c2860, 0x000002c2573c3850, 0x000002c2573c42f0, 0x000002c2573c1320,
0x000002c2573c4d90, 0x000002c2573c0dd0
}

Java Threads: ( => current thread )
  0x000002c232af0400 JavaThread "main" [_thread_blocked, id=8168, stack(0x000000c5cf700000,0x000000c5cf800000)]
  0x000002c250a4fae0 JavaThread "Reference Handler" daemon [_thread_blocked, id=8896, stack(0x000000c5cfe00000,0x000000c5cff00000)]
  0x000002c250a50a70 JavaThread "Finalizer" daemon [_thread_blocked, id=7908, stack(0x000000c5cff00000,0x000000c5d0000000)]
  0x000002c250a56260 JavaThread "Signal Dispatcher" daemon [_thread_blocked, id=6624, stack(0x000000c5d0000000,0x000000c5d0100000)]
  0x000002c250a57d40 JavaThread "Attach Listener" daemon [_thread_blocked, id=9876, stack(0x000000c5d0100000,0x000000c5d0200000)]
  0x000002c250a5d830 JavaThread "Service Thread" daemon [_thread_blocked, id=6456, stack(0x000000c5d0200000,0x000000c5d0300000)]
  0x000002c250a81a90 JavaThread "Monitor Deflation Thread" daemon [_thread_blocked, id=7292, stack(0x000000c5d0300000,0x000000c5d0400000)]
  0x000002c250a829d0 JavaThread "C2 CompilerThread0" daemon [_thread_blocked, id=7728, stack(0x000000c5d0400000,0x000000c5d0500000)]
  0x000002c250a844f0 JavaThread "C1 CompilerThread0" daemon [_thread_blocked, id=10108, stack(0x000000c5d0500000,0x000000c5d0600000)]
  0x000002c250a977d0 JavaThread "Sweeper thread" daemon [_thread_blocked, id=11252, stack(0x000000c5d0600000,0x000000c5d0700000)]
  0x000002c250a1f5f0 JavaThread "Common-Cleaner" daemon [_thread_blocked, id=5460, stack(0x000000c5d0700000,0x000000c5d0800000)]
  0x000002c254e668e0 JavaThread "Monitor Ctrl-Break" daemon [_thread_in_native, id=9516, stack(0x000000c5d0900000,0x000000c5d0a00000)]
  0x000002c254ffa370 JavaThread "Notification Thread" daemon [_thread_blocked, id=10512, stack(0x000000c5d0a00000,0x000000c5d0b00000)]
  0x000002c2577d5f00 JavaThread "Catalina-utility-1" [_thread_blocked, id=8024, stack(0x000000c5d1000000,0x000000c5d1100000)]
  0x000002c257028940 JavaThread "Catalina-utility-2" [_thread_blocked, id=4232, stack(0x000000c5d1100000,0x000000c5d1200000)]
  0x000002c2568f9270 JavaThread "container-0" [_thread_blocked, id=9456, stack(0x000000c5d1200000,0x000000c5d1300000)]
  0x000002c2568fa260 JavaThread "mysql-cj-abandoned-connection-cleanup" daemon [_thread_blocked, id=9704, stack(0x000000c5d1300000,0x000000c5d1400000)]
  0x000002c2568f97c0 JavaThread "HikariPool-1 housekeeper" daemon [_thread_blocked, id=8408, stack(0x000000c5d1500000,0x000000c5d1600000)]
  0x000002c2568fb250 JavaThread "ClassGraph-worker-24" daemon [_thread_blocked, id=6340, stack(0x000000c5d1400000,0x000000c5d1500000)]
  0x000002c2568f9d10 JavaThread "ClassGraph-worker-25" daemon [_thread_blocked, id=412, stack(0x000000c5d1600000,0x000000c5d1700000)]
  0x000002c2573c2860 JavaThread "ClassGraph-worker-26" daemon [_thread_blocked, id=2068, stack(0x000000c5d1700000,0x000000c5d1800000)]
  0x000002c2573c3850 JavaThread "ClassGraph-worker-27" daemon [_thread_blocked, id=8524, stack(0x000000c5d1800000,0x000000c5d1900000)]
  0x000002c2573c42f0 JavaThread "ClassGraph-worker-28" daemon [_thread_blocked, id=4296, stack(0x000000c5d1900000,0x000000c5d1a00000)]
  0x000002c2573c1320 JavaThread "ClassGraph-worker-29" daemon [_thread_blocked, id=1132, stack(0x000000c5d1a00000,0x000000c5d1b00000)]
  0x000002c2573c4d90 JavaThread "ClassGraph-worker-30" daemon [_thread_blocked, id=2780, stack(0x000000c5d1b00000,0x000000c5d1c00000)]
  0x000002c2573c0dd0 JavaThread "ClassGraph-worker-31" daemon [_thread_blocked, id=5672, stack(0x000000c5d1c00000,0x000000c5d1d00000)]

Other Threads:
=>0x000002c250a31260 VMThread "VM Thread" [stack: 0x000000c5cfd00000,0x000000c5cfe00000] [id=1148]
  0x000002c232af1230 WatcherThread "VM Periodic Task Thread" [stack: 0x000000c5d0b00000,0x000000c5d0c00000] [id=7476]
  0x000002c232b4ccd0 WorkerThread "GC Thread#0" [stack: 0x000000c5cf800000,0x000000c5cf900000] [id=10028]
  0x000002c2553c9b40 WorkerThread "GC Thread#1" [stack: 0x000000c5d0c00000,0x000000c5d0d00000] [id=11224]
  0x000002c2553c9e10 WorkerThread "GC Thread#2" [stack: 0x000000c5d0d00000,0x000000c5d0e00000] [id=7120]
  0x000002c25547da20 WorkerThread "GC Thread#3" [stack: 0x000000c5d0e00000,0x000000c5d0f00000] [id=6988]
  0x000002c232b5cc90 ConcurrentGCThread "G1 Main Marker" [stack: 0x000000c5cf900000,0x000000c5cfa00000] [id=11244]
  0x000002c230a7e0f0 WorkerThread "G1 Conc#0" [stack: 0x000000c5cfa00000,0x000000c5cfb00000] [id=5696]
  0x000002c2508f24c0 ConcurrentGCThread "G1 Refine#0" [stack: 0x000000c5cfb00000,0x000000c5cfc00000] [id=6320]
  0x000002c2508f2f10 ConcurrentGCThread "G1 Service" [stack: 0x000000c5cfc00000,0x000000c5cfd00000] [id=4912]

Threads with active compile tasks:
C2 CompilerThread0    15503 5930       4       java.lang.reflect.AccessibleObject::verifyAccess (55 bytes)
C1 CompilerThread0    15503 5953   !   3       nonapi.io.github.classgraph.fastzipfilereader.LogicalZipFile::readCentralDirectory (3373 bytes)

VM state: at safepoint (normal execution)

VM Mutex/Monitor currently owned by a thread:  ([mutex/lock_event])
[0x000002c232aea3f0] Threads_lock - owner thread: 0x000002c250a31260
[0x000002c232aea240] Heap_lock - owner thread: 0x000002c2573c3850

Heap address: 0x0000000081a00000, size: 2022 MB, Compressed Oops mode: 32-bit

CDS archive(s) mapped at: [0x0000000800000000-0x0000000800c40000-0x0000000800c40000), size 12845056, SharedBaseAddress: 0x0000000800000000, ArchiveRelocationMode: 0.
Compressed class space mapped at: 0x0000000801000000-0x0000000841000000, reserved size: 1073741824
Narrow klass base: 0x0000000800000000, Narrow klass shift: 0, Narrow klass range: 0x100000000

GC Precious Log:
 CardTable entry size: 512
 Card Set container configuration: InlinePtr #cards 5 size 8 Array Of Cards #cards 12 size 40 Howl #buckets 4 coarsen threshold 1843 Howl Bitmap #cards 512 size 80 coarsen threshold 460 Card regions per heap region 1 cards per card region 2048
 CPUs: 4 total, 4 available
 Memory: 8081M
 Large Page Support: Disabled
 NUMA Support: Disabled
 Compressed Oops: Enabled (32-bit)
 Heap Region Size: 1M
 Heap Min Capacity: 8M
 Heap Initial Capacity: 128M
 Heap Max Capacity: 2022M
 Pre-touch: Disabled
 Parallel Workers: 4
 Concurrent Workers: 1
 Concurrent Refinement Workers: 4
 Periodic GC: Disabled

Heap:
 garbage-first heap   total 65536K, used 37841K [0x0000000081a00000, 0x0000000100000000)
  region size 1024K, 1 young (1024K), 1 survivors (1024K)
 Metaspace       used 58848K, committed 59328K, reserved 1114112K
  class space    used 7576K, committed 7808K, reserved 1048576K

Heap Regions: E=young(eden), S=young(survivor), O=old, HS=humongous(starts), HC=humongous(continues), CS=collection set, F=free, OA=open archive, CA=closed archive, TAMS=top-at-mark-start (previous, next)
|   0|0x0000000081a00000, 0x0000000081b00000, 0x0000000081b00000|100%|HS|  |TAMS 0x0000000081b00000, 0x0000000081a00000| Complete 
|   1|0x0000000081b00000, 0x0000000081c00000, 0x0000000081c00000|100%| O|  |TAMS 0x0000000081c00000, 0x0000000081b00000| Untracked 
|   2|0x0000000081c00000, 0x0000000081d00000, 0x0000000081d00000|100%| O|  |TAMS 0x0000000081d00000, 0x0000000081c00000| Untracked 
|   3|0x0000000081d00000, 0x0000000081e00000, 0x0000000081e00000|100%| O|  |TAMS 0x0000000081e00000, 0x0000000081d00000| Untracked 
|   4|0x0000000081e00000, 0x0000000081f00000, 0x0000000081f00000|100%| O|  |TAMS 0x0000000081f00000, 0x0000000081e00000| Untracked 
|   5|0x0000000081f00000, 0x0000000082000000, 0x0000000082000000|100%| O|  |TAMS 0x0000000082000000, 0x0000000081f00000| Untracked 
|   6|0x0000000082000000, 0x0000000082100000, 0x0000000082100000|100%| O|  |TAMS 0x0000000082100000, 0x0000000082000000| Untracked 
|   7|0x0000000082100000, 0x0000000082200000, 0x0000000082200000|100%| O|  |TAMS 0x0000000082200000, 0x0000000082100000| Untracked 
|   8|0x0000000082200000, 0x0000000082300000, 0x0000000082300000|100%| O|  |TAMS 0x0000000082300000, 0x0000000082200000| Untracked 
|   9|0x0000000082300000, 0x0000000082400000, 0x0000000082400000|100%| O|  |TAMS 0x0000000082400000, 0x0000000082300000| Untracked 
|  10|0x0000000082400000, 0x0000000082500000, 0x0000000082500000|100%| O|  |TAMS 0x0000000082500000, 0x0000000082400000| Untracked 
|  11|0x0000000082500000, 0x0000000082600000, 0x0000000082600000|100%| O|  |TAMS 0x0000000082600000, 0x0000000082500000| Untracked 
|  12|0x0000000082600000, 0x0000000082700000, 0x0000000082700000|100%| O|  |TAMS 0x0000000082700000, 0x0000000082600000| Untracked 
|  13|0x0000000082700000, 0x0000000082800000, 0x0000000082800000|100%| O|  |TAMS 0x0000000082800000, 0x0000000082700000| Untracked 
|  14|0x0000000082800000, 0x0000000082900000, 0x0000000082900000|100%| O|  |TAMS 0x0000000082800000, 0x0000000082800000| Untracked 
|  15|0x0000000082900000, 0x0000000082a00000, 0x0000000082a00000|100%| O|  |TAMS 0x0000000082a00000, 0x0000000082900000| Untracked 
|  16|0x0000000082a00000, 0x0000000082b00000, 0x0000000082b00000|100%| O|  |TAMS 0x0000000082b00000, 0x0000000082a00000| Untracked 
|  17|0x0000000082b00000, 0x0000000082c00000, 0x0000000082c00000|100%| O|  |TAMS 0x0000000082c00000, 0x0000000082b00000| Untracked 
|  18|0x0000000082c00000, 0x0000000082d00000, 0x0000000082d00000|100%| O|  |TAMS 0x0000000082d00000, 0x0000000082c00000| Untracked 
|  19|0x0000000082d00000, 0x0000000082e00000, 0x0000000082e00000|100%| O|  |TAMS 0x0000000082e00000, 0x0000000082d00000| Untracked 
|  20|0x0000000082e00000, 0x0000000082f00000, 0x0000000082f00000|100%| O|  |TAMS 0x0000000082f00000, 0x0000000082e00000| Untracked 
|  21|0x0000000082f00000, 0x0000000083000000, 0x0000000083000000|100%| O|  |TAMS 0x0000000083000000, 0x0000000082f00000| Untracked 
|  22|0x0000000083000000, 0x0000000083100000, 0x0000000083100000|100%| O|  |TAMS 0x0000000083100000, 0x0000000083000000| Untracked 
|  23|0x0000000083100000, 0x0000000083200000, 0x0000000083200000|100%| O|  |TAMS 0x0000000083200000, 0x0000000083100000| Untracked 
|  24|0x0000000083200000, 0x0000000083300000, 0x0000000083300000|100%| O|  |TAMS 0x0000000083300000, 0x0000000083200000| Untracked 
|  25|0x0000000083300000, 0x0000000083400000, 0x0000000083400000|100%| O|  |TAMS 0x0000000083400000, 0x0000000083300000| Untracked 
|  26|0x0000000083400000, 0x0000000083500000, 0x0000000083500000|100%| O|  |TAMS 0x0000000083500000, 0x0000000083400000| Untracked 
|  27|0x0000000083500000, 0x0000000083600000, 0x0000000083600000|100%| O|  |TAMS 0x0000000083600000, 0x0000000083500000| Untracked 
|  28|0x0000000083600000, 0x0000000083700000, 0x0000000083700000|100%| O|  |TAMS 0x0000000083700000, 0x0000000083600000| Untracked 
|  29|0x0000000083700000, 0x0000000083700000, 0x0000000083800000|  0%| F|  |TAMS 0x0000000083700000, 0x0000000083700000| Untracked 
|  30|0x0000000083800000, 0x0000000083900000, 0x0000000083900000|100%|HS|  |TAMS 0x0000000083800000, 0x0000000083800000| Complete 
|  31|0x0000000083900000, 0x0000000083a00000, 0x0000000083a00000|100%| O|  |TAMS 0x0000000083900000, 0x0000000083900000| Untracked 
|  32|0x0000000083a00000, 0x0000000083b00000, 0x0000000083b00000|100%| O|  |TAMS 0x0000000083a00000, 0x0000000083a00000| Untracked 
|  33|0x0000000083b00000, 0x0000000083c00000, 0x0000000083c00000|100%| O|  |TAMS 0x0000000083b00000, 0x0000000083b00000| Untracked 
|  34|0x0000000083c00000, 0x0000000083d00000, 0x0000000083d00000|100%| O|  |TAMS 0x0000000083c00000, 0x0000000083c00000| Untracked 
|  35|0x0000000083d00000, 0x0000000083e00000, 0x0000000083e00000|100%| O|  |TAMS 0x0000000083d00000, 0x0000000083d00000| Untracked 
|  36|0x0000000083e00000, 0x0000000083f00000, 0x0000000083f00000|100%| O|  |TAMS 0x0000000083e00000, 0x0000000083e00000| Untracked 
|  37|0x0000000083f00000, 0x0000000083f49800, 0x0000000084000000| 28%| O|  |TAMS 0x0000000083f00000, 0x0000000083f00000| Untracked 
|  38|0x0000000084000000, 0x0000000084000000, 0x0000000084100000|  0%| F|  |TAMS 0x0000000084000000, 0x0000000084000000| Untracked 
|  39|0x0000000084100000, 0x0000000084100000, 0x0000000084200000|  0%| F|  |TAMS 0x0000000084100000, 0x0000000084100000| Untracked 
|  40|0x0000000084200000, 0x0000000084200000, 0x0000000084300000|  0%| F|  |TAMS 0x0000000084200000, 0x0000000084200000| Untracked 
|  41|0x0000000084300000, 0x0000000084300000, 0x0000000084400000|  0%| F|  |TAMS 0x0000000084300000, 0x0000000084300000| Untracked 
|  42|0x0000000084400000, 0x0000000084400000, 0x0000000084500000|  0%| F|  |TAMS 0x0000000084400000, 0x0000000084400000| Untracked 
|  43|0x0000000084500000, 0x0000000084500000, 0x0000000084600000|  0%| F|  |TAMS 0x0000000084500000, 0x0000000084500000| Untracked 
|  44|0x0000000084600000, 0x0000000084600000, 0x0000000084700000|  0%| F|  |TAMS 0x0000000084600000, 0x0000000084600000| Untracked 
|  45|0x0000000084700000, 0x0000000084700000, 0x0000000084800000|  0%| F|  |TAMS 0x0000000084700000, 0x0000000084700000| Untracked 
|  46|0x0000000084800000, 0x0000000084800000, 0x0000000084900000|  0%| F|  |TAMS 0x0000000084800000, 0x0000000084800000| Untracked 
|  47|0x0000000084900000, 0x0000000084900000, 0x0000000084a00000|  0%| F|  |TAMS 0x0000000084900000, 0x0000000084900000| Untracked 
|  48|0x0000000084a00000, 0x0000000084a00000, 0x0000000084b00000|  0%| F|  |TAMS 0x0000000084a00000, 0x0000000084a00000| Untracked 
|  49|0x0000000084b00000, 0x0000000084b00000, 0x0000000084c00000|  0%| F|  |TAMS 0x0000000084b00000, 0x0000000084b00000| Untracked 
|  50|0x0000000084c00000, 0x0000000084c00000, 0x0000000084d00000|  0%| F|  |TAMS 0x0000000084c00000, 0x0000000084c00000| Untracked 
|  51|0x0000000084d00000, 0x0000000084d00000, 0x0000000084e00000|  0%| F|  |TAMS 0x0000000084d00000, 0x0000000084d00000| Untracked 
|  52|0x0000000084e00000, 0x0000000084e00000, 0x0000000084f00000|  0%| F|  |TAMS 0x0000000084e00000, 0x0000000084e00000| Untracked 
|  53|0x0000000084f00000, 0x0000000084f00000, 0x0000000085000000|  0%| F|  |TAMS 0x0000000084f00000, 0x0000000084f00000| Untracked 
|  54|0x0000000085000000, 0x0000000085000000, 0x0000000085100000|  0%| F|  |TAMS 0x0000000085000000, 0x0000000085000000| Untracked 
|  55|0x0000000085100000, 0x0000000085100000, 0x0000000085200000|  0%| F|  |TAMS 0x0000000085100000, 0x0000000085100000| Untracked 
|  56|0x0000000085200000, 0x0000000085200000, 0x0000000085300000|  0%| F|  |TAMS 0x0000000085200000, 0x0000000085200000| Untracked 
|  77|0x0000000086700000, 0x0000000086700000, 0x0000000086800000|  0%| F|  |TAMS 0x0000000086700000, 0x0000000086700000| Untracked 
|  78|0x0000000086800000, 0x0000000086800000, 0x0000000086900000|  0%| F|  |TAMS 0x0000000086800000, 0x0000000086800000| Untracked 
|  79|0x0000000086900000, 0x0000000086900000, 0x0000000086a00000|  0%| F|  |TAMS 0x0000000086900000, 0x0000000086900000| Untracked 
|  80|0x0000000086a00000, 0x0000000086a00000, 0x0000000086b00000|  0%| F|  |TAMS 0x0000000086a00000, 0x0000000086a00000| Untracked 
|  81|0x0000000086b00000, 0x0000000086b00000, 0x0000000086c00000|  0%| F|  |TAMS 0x0000000086b00000, 0x0000000086b00000| Untracked 
|  82|0x0000000086c00000, 0x0000000086caac28, 0x0000000086d00000| 66%| S|CS|TAMS 0x0000000086c00000, 0x0000000086c00000| Complete 
| 127|0x0000000089900000, 0x0000000089900000, 0x0000000089a00000|  0%| F|  |TAMS 0x0000000089900000, 0x0000000089900000| Untracked 

Card table byte_map: [0x000002c249e50000,0x000002c24a250000] _byte_map_base: 0x000002c249a43000

Marking Bits (Prev, Next): (CMBitMap*) 0x000002c230a7c1d0, (CMBitMap*) 0x000002c230a7c190
 Prev Bits: [0x000002c24c5f0000, 0x000002c24e588000)
 Next Bits: [0x000002c24a650000, 0x000002c24c5e8000)

Polling page: 0x000002c230c80000

Metaspace:

Usage:
  Non-class:     50.07 MB used.
      Class:      7.40 MB used.
       Both:     57.47 MB used.

Virtual space:
  Non-class space:       64.00 MB reserved,      50.31 MB ( 79%) committed,  1 nodes.
      Class space:        1.00 GB reserved,       7.62 MB ( <1%) committed,  1 nodes.
             Both:        1.06 GB reserved,      57.94 MB (  5%) committed. 

Chunk freelists:
   Non-Class:  1.29 MB
       Class:  430.00 KB
        Both:  1.71 MB

MaxMetaspaceSize: unlimited
CompressedClassSpaceSize: 1.00 GB
Initial GC threshold: 21.00 MB
Current GC threshold: 96.06 MB
CDS: on
MetaspaceReclaimPolicy: balanced
 - commit_granule_bytes: 65536.
 - commit_granule_words: 8192.
 - virtual_space_node_default_size: 8388608.
 - enlarge_chunks_in_place: 1.
 - new_chunks_are_fully_committed: 0.
 - uncommit_free_chunks: 1.
 - use_allocation_guard: 0.


Internal statistics:

num_allocs_failed_limit: 6.
num_arena_births: 610.
num_arena_deaths: 0.
num_vsnodes_births: 2.
num_vsnodes_deaths: 0.
num_space_committed: 927.
num_space_uncommitted: 0.
num_chunks_returned_to_freelist: 6.
num_chunks_taken_from_freelist: 2530.
num_chunk_merges: 6.
num_chunk_splits: 1868.
num_chunks_enlarged: 1560.
num_inconsistent_stats: 0.

CodeHeap 'non-profiled nmethods': size=120000Kb used=3242Kb max_used=3242Kb free=116757Kb
 bounds [0x000002c242520000, 0x000002c242850000, 0x000002c249a50000]
CodeHeap 'profiled nmethods': size=120000Kb used=11174Kb max_used=11174Kb free=108826Kb
 bounds [0x000002c23aa50000, 0x000002c23b570000, 0x000002c241f80000]
CodeHeap 'non-nmethods': size=5760Kb used=1421Kb max_used=1479Kb free=4338Kb
 bounds [0x000002c241f80000, 0x000002c2421f0000, 0x000002c242520000]
 total_blobs=5798 nmethods=5127 adapters=581
 compilation: enabled
              stopped_count=0, restarted_count=0
 full_count=0

Compilation events (20 events):
Event: 15.436 Thread 0x000002c250a844f0 nmethod 5943 0x000002c23aa80c90 code [0x000002c23aa80e80, 0x000002c23aa81348]
Event: 15.436 Thread 0x000002c250a844f0 5944   !   3       java.io.File::toURI (69 bytes)
Event: 15.437 Thread 0x000002c250a844f0 nmethod 5944 0x000002c23b08cf10 code [0x000002c23b08d1c0, 0x000002c23b08dd48]
Event: 15.437 Thread 0x000002c250a844f0 5945       3       java.io.File::slashify (84 bytes)
Event: 15.438 Thread 0x000002c250a844f0 nmethod 5945 0x000002c23b08b990 code [0x000002c23b08bc80, 0x000002c23b08c9c8]
Event: 15.439 Thread 0x000002c250a844f0 5946       3       java.net.URL::fromURI (143 bytes)
Event: 15.440 Thread 0x000002c250a844f0 nmethod 5946 0x000002c23b08a590 code [0x000002c23b08a860, 0x000002c23b08b538]
Event: 15.441 Thread 0x000002c250a844f0 5947       3       nonapi.io.github.classgraph.concurrency.WorkQueue$WorkUnitWrapper::<init> (10 bytes)
Event: 15.442 Thread 0x000002c250a844f0 nmethod 5947 0x000002c23b08a190 code [0x000002c23b08a340, 0x000002c23b08a4f8]
Event: 15.442 Thread 0x000002c250a844f0 5948       3       java.util.AbstractQueue::add (20 bytes)
Event: 15.442 Thread 0x000002c250a844f0 nmethod 5948 0x000002c23b089c10 code [0x000002c23b089de0, 0x000002c23b08a0b8]
Event: 15.444 Thread 0x000002c250a844f0 5949       3       java.util.concurrent.ConcurrentLinkedQueue::<init> (21 bytes)
Event: 15.444 Thread 0x000002c250a844f0 nmethod 5949 0x000002c23b089490 code [0x000002c23b089660, 0x000002c23b089a58]
Event: 15.444 Thread 0x000002c250a844f0 5950       3       java.util.concurrent.ConcurrentLinkedQueue$Node::<init> (5 bytes)
Event: 15.444 Thread 0x000002c250a844f0 nmethod 5950 0x000002c23b089090 code [0x000002c23b089240, 0x000002c23b089398]
Event: 15.448 Thread 0x000002c250a844f0 5951   !   3       java.io.WinNTFileSystem::checkAccess (28 bytes)
Event: 15.448 Thread 0x000002c250a844f0 nmethod 5951 0x000002c23b088b10 code [0x000002c23b088ce0, 0x000002c23b088ef8]
Event: 15.449 Thread 0x000002c250a844f0 5952       3       java.util.Collections$SetFromMap::add (22 bytes)
Event: 15.449 Thread 0x000002c250a844f0 nmethod 5952 0x000002c23b088610 code [0x000002c23b0887c0, 0x000002c23b088a08]
Event: 15.450 Thread 0x000002c250a844f0 5953   !   3       nonapi.io.github.classgraph.fastzipfilereader.LogicalZipFile::readCentralDirectory (3373 bytes)

GC Heap History (20 events):
Event: 11.897 GC heap after
{Heap after GC invocations=14 (full 0):
 garbage-first heap   total 48128K, used 22862K [0x0000000081a00000, 0x0000000100000000)
  region size 1024K, 2 young (2048K), 2 survivors (2048K)
 Metaspace       used 52694K, committed 53056K, reserved 1114112K
  class space    used 6806K, committed 6976K, reserved 1048576K
}
Event: 12.697 GC heap before
{Heap before GC invocations=14 (full 0):
 garbage-first heap   total 48128K, used 37198K [0x0000000081a00000, 0x0000000100000000)
  region size 1024K, 16 young (16384K), 2 survivors (2048K)
 Metaspace       used 54585K, committed 54976K, reserved 1114112K
  class space    used 7057K, committed 7232K, reserved 1048576K
}
Event: 12.701 GC heap after
{Heap after GC invocations=15 (full 0):
 garbage-first heap   total 48128K, used 23854K [0x0000000081a00000, 0x0000000100000000)
  region size 1024K, 1 young (1024K), 1 survivors (1024K)
 Metaspace       used 54585K, committed 54976K, reserved 1114112K
  class space    used 7057K, committed 7232K, reserved 1048576K
}
Event: 13.392 GC heap before
{Heap before GC invocations=15 (full 0):
 garbage-first heap   total 48128K, used 36142K [0x0000000081a00000, 0x0000000100000000)
  region size 1024K, 14 young (14336K), 1 survivors (1024K)
 Metaspace       used 56299K, committed 56768K, reserved 1114112K
  class space    used 7274K, committed 7488K, reserved 1048576K
}
Event: 13.399 GC heap after
{Heap after GC invocations=16 (full 0):
 garbage-first heap   total 48128K, used 25197K [0x0000000081a00000, 0x0000000100000000)
  region size 1024K, 2 young (2048K), 2 survivors (2048K)
 Metaspace       used 56299K, committed 56768K, reserved 1114112K
  class space    used 7274K, committed 7488K, reserved 1048576K
}
Event: 14.494 GC heap before
{Heap before GC invocations=17 (full 0):
 garbage-first heap   total 48128K, used 38509K [0x0000000081a00000, 0x0000000100000000)
  region size 1024K, 15 young (15360K), 2 survivors (2048K)
 Metaspace       used 58403K, committed 58880K, reserved 1114112K
  class space    used 7547K, committed 7744K, reserved 1048576K
}
Event: 14.500 GC heap after
{Heap after GC invocations=18 (full 0):
 garbage-first heap   total 48128K, used 26749K [0x0000000081a00000, 0x0000000100000000)
  region size 1024K, 2 young (2048K), 2 survivors (2048K)
 Metaspace       used 58403K, committed 58880K, reserved 1114112K
  class space    used 7547K, committed 7744K, reserved 1048576K
}
Event: 14.560 GC heap before
{Heap before GC invocations=18 (full 0):
 garbage-first heap   total 48128K, used 27773K [0x0000000081a00000, 0x0000000100000000)
  region size 1024K, 3 young (3072K), 2 survivors (2048K)
 Metaspace       used 58455K, committed 58880K, reserved 1114112K
  class space    used 7549K, committed 7744K, reserved 1048576K
}
Event: 14.566 GC heap after
{Heap after GC invocations=19 (full 0):
 garbage-first heap   total 48128K, used 26663K [0x0000000081a00000, 0x0000000100000000)
  region size 1024K, 1 young (1024K), 1 survivors (1024K)
 Metaspace       used 58455K, committed 58880K, reserved 1114112K
  class space    used 7549K, committed 7744K, reserved 1048576K
}
Event: 14.608 GC heap before
{Heap before GC invocations=19 (full 0):
 garbage-first heap   total 48128K, used 27687K [0x0000000081a00000, 0x0000000100000000)
  region size 1024K, 3 young (3072K), 1 survivors (1024K)
 Metaspace       used 58597K, committed 59008K, reserved 1114112K
  class space    used 7563K, committed 7744K, reserved 1048576K
}
Event: 14.610 GC heap after
{Heap after GC invocations=20 (full 0):
 garbage-first heap   total 48128K, used 26795K [0x0000000081a00000, 0x0000000100000000)
  region size 1024K, 1 young (1024K), 1 survivors (1024K)
 Metaspace       used 58597K, committed 59008K, reserved 1114112K
  class space    used 7563K, committed 7744K, reserved 1048576K
}
Event: 14.812 GC heap before
{Heap before GC invocations=21 (full 0):
 garbage-first heap   total 56320K, used 38059K [0x0000000081a00000, 0x0000000100000000)
  region size 1024K, 12 young (12288K), 1 survivors (1024K)
 Metaspace       used 58650K, committed 59136K, reserved 1114112K
  class space    used 7563K, committed 7744K, reserved 1048576K
}
Event: 14.816 GC heap after
{Heap after GC invocations=22 (full 0):
 garbage-first heap   total 56320K, used 29347K [0x0000000081a00000, 0x0000000100000000)
  region size 1024K, 2 young (2048K), 2 survivors (2048K)
 Metaspace       used 58650K, committed 59136K, reserved 1114112K
  class space    used 7563K, committed 7744K, reserved 1048576K
}
Event: 14.831 GC heap before
{Heap before GC invocations=22 (full 0):
 garbage-first heap   total 56320K, used 30371K [0x0000000081a00000, 0x0000000100000000)
  region size 1024K, 3 young (3072K), 2 survivors (2048K)
 Metaspace       used 58650K, committed 59136K, reserved 1114112K
  class space    used 7563K, committed 7744K, reserved 1048576K
}
Event: 14.837 GC heap after
{Heap after GC invocations=23 (full 0):
 garbage-first heap   total 56320K, used 29743K [0x0000000081a00000, 0x0000000100000000)
  region size 1024K, 1 young (1024K), 1 survivors (1024K)
 Metaspace       used 58650K, committed 59136K, reserved 1114112K
  class space    used 7563K, committed 7744K, reserved 1048576K
}
Event: 15.070 GC heap before
{Heap before GC invocations=23 (full 0):
 garbage-first heap   total 56320K, used 42031K [0x0000000081a00000, 0x0000000100000000)
  region size 1024K, 14 young (14336K), 1 survivors (1024K)
 Metaspace       used 58666K, committed 59136K, reserved 1114112K
  class space    used 7563K, committed 7744K, reserved 1048576K
}
Event: 15.074 GC heap after
{Heap after GC invocations=24 (full 0):
 garbage-first heap   total 56320K, used 32485K [0x0000000081a00000, 0x0000000100000000)
  region size 1024K, 2 young (2048K), 2 survivors (2048K)
 Metaspace       used 58666K, committed 59136K, reserved 1114112K
  class space    used 7563K, committed 7744K, reserved 1048576K
}
Event: 15.459 GC heap before
{Heap before GC invocations=25 (full 0):
 garbage-first heap   total 65536K, used 43749K [0x0000000081a00000, 0x0000000100000000)
  region size 1024K, 12 young (12288K), 2 survivors (2048K)
 Metaspace       used 58848K, committed 59328K, reserved 1114112K
  class space    used 7576K, committed 7808K, reserved 1048576K
}
Event: 15.469 GC heap after
{Heap after GC invocations=26 (full 0):
 garbage-first heap   total 65536K, used 37196K [0x0000000081a00000, 0x0000000100000000)
  region size 1024K, 2 young (2048K), 2 survivors (2048K)
 Metaspace       used 58848K, committed 59328K, reserved 1114112K
  class space    used 7576K, committed 7808K, reserved 1048576K
}
Event: 15.475 GC heap before
{Heap before GC invocations=26 (full 0):
 garbage-first heap   total 65536K, used 38220K [0x0000000081a00000, 0x0000000100000000)
  region size 1024K, 3 young (3072K), 2 survivors (2048K)
 Metaspace       used 58848K, committed 59328K, reserved 1114112K
  class space    used 7576K, committed 7808K, reserved 1048576K
}

Dll operation events (14 events):
Event: 0.045 Loaded shared library C:\Program Files\Java\jdk-19\bin\java.dll
Event: 0.064 Loaded shared library C:\Program Files\Java\jdk-19\bin\jsvml.dll
Event: 0.235 Loaded shared library C:\Program Files\Java\jdk-19\bin\zip.dll
Event: 0.238 Loaded shared library C:\Program Files\Java\jdk-19\bin\instrument.dll
Event: 0.246 Loaded shared library C:\Program Files\Java\jdk-19\bin\net.dll
Event: 0.248 Loaded shared library C:\Program Files\Java\jdk-19\bin\nio.dll
Event: 0.252 Loaded shared library C:\Program Files\Java\jdk-19\bin\zip.dll
Event: 0.438 Loaded shared library C:\Program Files\JetBrains\IntelliJ IDEA Community Edition 2023.1.1\bin\breakgen64.dll
Event: 0.459 Loaded shared library C:\Program Files\Java\jdk-19\bin\extnet.dll
Event: 0.497 Loaded shared library C:\Program Files\Java\jdk-19\bin\verify.dll
Event: 0.505 Loaded shared library C:\Program Files\Java\jdk-19\bin\jimage.dll
Event: 1.695 Loaded shared library C:\Program Files\Java\jdk-19\bin\management.dll
Event: 1.698 Loaded shared library C:\Program Files\Java\jdk-19\bin\management_ext.dll
Event: 8.789 Loaded shared library C:\Program Files\Java\jdk-19\bin\sunmscapi.dll

Deoptimization events (20 events):
Event: 15.062 Thread 0x000002c25708c820 DEOPT PACKING pc=0x000002c23ab0a5f4 sp=0x000000c5d1afe6a0
Event: 15.062 Thread 0x000002c25708c820 DEOPT UNPACKING pc=0x000002c241fe7543 sp=0x000000c5d1afdc60 mode 0
Event: 15.068 Thread 0x000002c25708cd70 DEOPT PACKING pc=0x000002c23b554cac sp=0x000000c5d1bfed20
Event: 15.068 Thread 0x000002c25708cd70 DEOPT UNPACKING pc=0x000002c241fe7543 sp=0x000000c5d1bfe450 mode 0
Event: 15.238 Thread 0x000002c2568fb250 Uncommon trap: trap_request=0xffffff45 fr.pc=0x000002c24272b5d4 relative=0x0000000000000874
Event: 15.238 Thread 0x000002c2568fb250 Uncommon trap: reason=unstable_if action=reinterpret pc=0x000002c24272b5d4 method=java.util.WeakHashMap.put(Ljava/lang/Object;Ljava/lang/Object;)Ljava/lang/Object; @ 146 c2
Event: 15.238 Thread 0x000002c2568fb250 DEOPT PACKING pc=0x000002c24272b5d4 sp=0x000000c5d17feef0
Event: 15.238 Thread 0x000002c2568fb250 DEOPT UNPACKING pc=0x000002c241fe6da3 sp=0x000000c5d17fee58 mode 2
Event: 15.244 Thread 0x000002c2568fb250 Uncommon trap: trap_request=0xffffff45 fr.pc=0x000002c242841248 relative=0x0000000000000048
Event: 15.244 Thread 0x000002c2568fb250 Uncommon trap: reason=unstable_if action=reinterpret pc=0x000002c242841248 method=java.lang.Thread.getAndClearInterrupt()Z @ 6 c2
Event: 15.244 Thread 0x000002c2568fb250 DEOPT PACKING pc=0x000002c242841248 sp=0x000000c5d17ff3b0
Event: 15.244 Thread 0x000002c2568fb250 DEOPT UNPACKING pc=0x000002c241fe6da3 sp=0x000000c5d17ff2e8 mode 2
Event: 15.289 Thread 0x000002c2568f9d10 Uncommon trap: trap_request=0xffffff45 fr.pc=0x000002c2426d2334 relative=0x0000000000000114
Event: 15.289 Thread 0x000002c2568f9d10 Uncommon trap: reason=unstable_if action=reinterpret pc=0x000002c2426d2334 method=java.util.Arrays.hashCode([Ljava/lang/Object;)I @ 34 c2
Event: 15.289 Thread 0x000002c2568f9d10 DEOPT PACKING pc=0x000002c2426d2334 sp=0x000000c5d14fe980
Event: 15.289 Thread 0x000002c2568f9d10 DEOPT UNPACKING pc=0x000002c241fe6da3 sp=0x000000c5d14fe8f8 mode 2
Event: 15.370 Thread 0x000002c232af0400 Uncommon trap: trap_request=0xffffff45 fr.pc=0x000002c242555f84 relative=0x0000000000000444
Event: 15.370 Thread 0x000002c232af0400 Uncommon trap: reason=unstable_if action=reinterpret pc=0x000002c242555f84 method=jdk.internal.util.Preconditions.checkFromToIndex(IIILjava/util/function/BiFunction;)I @ 6 c2
Event: 15.370 Thread 0x000002c232af0400 DEOPT PACKING pc=0x000002c242555f84 sp=0x000000c5cf7fd8f0
Event: 15.370 Thread 0x000002c232af0400 DEOPT UNPACKING pc=0x000002c241fe6da3 sp=0x000000c5cf7fd7d0 mode 2

Classes loaded (20 events):
Event: 14.385 Loading class java/lang/StackStreamFactory$FrameBuffer done
Event: 14.385 Loading class java/lang/StackStreamFactory$StackFrameTraverser$StackFrameBuffer done
Event: 14.399 Loading class java/lang/LayerInstantiationException
Event: 14.399 Loading class java/lang/LayerInstantiationException done
Event: 14.399 Loading class jdk/internal/loader/Loader
Event: 14.399 Loading class jdk/internal/loader/Loader done
Event: 14.461 Loading class java/io/IOError
Event: 14.461 Loading class java/io/IOError done
Event: 14.487 Loading class java/util/AbstractMap$SimpleEntry
Event: 14.487 Loading class java/util/AbstractMap$SimpleEntry done
Event: 14.587 Loading class java/nio/channels/spi/AbstractInterruptibleChannel$1
Event: 14.587 Loading class sun/nio/ch/Interruptible
Event: 14.587 Loading class sun/nio/ch/Interruptible done
Event: 14.587 Loading class java/nio/channels/spi/AbstractInterruptibleChannel$1 done
Event: 14.589 Loading class java/nio/ReadOnlyBufferException
Event: 14.589 Loading class java/nio/ReadOnlyBufferException done
Event: 14.594 Loading class java/util/zip/DataFormatException
Event: 14.594 Loading class java/util/zip/DataFormatException done
Event: 15.401 Loading class java/util/concurrent/atomic/Striped64$Cell
Event: 15.402 Loading class java/util/concurrent/atomic/Striped64$Cell done

Classes unloaded (0 events):
No events

Classes redefined (0 events):
No events

Internal exceptions (20 events):
Event: 12.867 Thread 0x000002c232af0400 Exception <a 'java/lang/NoSuchMethodError'{0x0000000086c6ea80}: 'java.lang.Object java.lang.invoke.DirectMethodHandle$Holder.newInvokeSpecial(java.lang.Object, java.lang.Object, java.lang.Object, java.lang.Object, java.lang.Object, java.lang.Object, java.lang.Object)'> (0x0000000086c6ea80) 
thrown [s\open\src\hotspot\share\interpreter\linkResolver.cpp, line 774]
Event: 12.879 Thread 0x000002c232af0400 Exception <a 'java/lang/ClassNotFoundException'{0x0000000086cb96f8}: java/lang/ObjectCustomizer> (0x0000000086cb96f8) 
thrown [s\open\src\hotspot\share\classfile\systemDictionary.cpp, line 255]
Event: 12.880 Thread 0x000002c232af0400 Exception <a 'java/lang/ClassNotFoundException'{0x0000000086cbf4c0}: org/springframework/web/servlet/config/annotation/WebMvcConfigurationSupportCustomizer> (0x0000000086cbf4c0) 
thrown [s\open\src\hotspot\share\classfile\systemDictionary.cpp, line 255]
Event: 12.882 Thread 0x000002c232af0400 Exception <a 'java/lang/ClassNotFoundException'{0x0000000086cd1470}: org/springframework/web/servlet/config/annotation/DelegatingWebMvcConfigurationCustomizer> (0x0000000086cd1470) 
thrown [s\open\src\hotspot\share\classfile\systemDictionary.cpp, line 255]
Event: 12.883 Thread 0x000002c232af0400 Exception <a 'java/lang/ClassNotFoundException'{0x0000000086cd8660}: org/springframework/boot/autoconfigure/web/servlet/WebMvcAutoConfiguration$EnableWebMvcConfigurationCustomizer> (0x0000000086cd8660) 
thrown [s\open\src\hotspot\share\classfile\systemDictionary.cpp, line 255]
Event: 12.886 Thread 0x000002c232af0400 Exception <a 'java/lang/ClassNotFoundException'{0x0000000086cea228}: org/springframework/context/ResourceLoaderAwareCustomizer> (0x0000000086cea228) 
thrown [s\open\src\hotspot\share\classfile\systemDictionary.cpp, line 255]
Event: 12.920 Thread 0x000002c232af0400 Exception <a 'java/lang/ClassNotFoundException'{0x0000000086ced5f8}: org/springframework/beans/factory/AwareCustomizer> (0x0000000086ced5f8) 
thrown [s\open\src\hotspot\share\classfile\systemDictionary.cpp, line 255]
Event: 12.921 Thread 0x000002c232af0400 Exception <a 'java/lang/ClassNotFoundException'{0x0000000086cefcf8}: org/springframework/context/ApplicationContextAwareCustomizer> (0x0000000086cefcf8) 
thrown [s\open\src\hotspot\share\classfile\systemDictionary.cpp, line 255]
Event: 12.923 Thread 0x000002c232af0400 Exception <a 'java/lang/ClassNotFoundException'{0x0000000086cf3bb8}: org/springframework/beans/factory/AwareCustomizer> (0x0000000086cf3bb8) 
thrown [s\open\src\hotspot\share\classfile\systemDictionary.cpp, line 255]
Event: 12.924 Thread 0x000002c232af0400 Exception <a 'java/lang/ClassNotFoundException'{0x0000000086cf6290}: org/springframework/web/context/ServletContextAwareCustomizer> (0x0000000086cf6290) 
thrown [s\open\src\hotspot\share\classfile\systemDictionary.cpp, line 255]
Event: 12.925 Thread 0x000002c232af0400 Exception <a 'java/lang/ClassNotFoundException'{0x0000000086cf9a98}: org/springframework/beans/factory/AwareCustomizer> (0x0000000086cf9a98) 
thrown [s\open\src\hotspot\share\classfile\systemDictionary.cpp, line 255]
Event: 12.930 Thread 0x000002c232af0400 Exception <a 'java/lang/NoSuchMethodError'{0x0000000086b0dd78}: 'java.lang.Object java.lang.invoke.DirectMethodHandle$Holder.newInvokeSpecial(java.lang.Object, java.lang.Object, java.lang.Object, java.lang.Object, java.lang.Object, java.lang.Object, java.lang.Object, java.lang.Object)'> (0x0000000086b0dd78) 
thrown [s\open\src\hotspot\share\interpreter\linkResolver.cpp, line 774]
Event: 13.061 Thread 0x000002c232af0400 Exception <a 'java/lang/NoSuchMethodError'{0x00000000868cc418}: 'java.lang.Object java.lang.invoke.DirectMethodHandle$Holder.invokeVirtual(java.lang.Object, java.lang.Object, java.lang.Object, java.lang.Object, java.lang.Object, java.lang.Object)'> (0x00000000868cc418) 
thrown [s\open\src\hotspot\share\interpreter\linkResolver.cpp, line 774]
Event: 13.643 Thread 0x000002c232af0400 Exception <a 'java/lang/NoSuchMethodError'{0x0000000086a03a80}: 'void java.lang.invoke.DirectMethodHandle$Holder.invokeVirtual(java.lang.Object, java.lang.Object, long)'> (0x0000000086a03a80) 
thrown [s\open\src\hotspot\share\interpreter\linkResolver.cpp, line 774]
Event: 14.251 Thread 0x000002c232af0400 Exception <a 'java/lang/IncompatibleClassChangeError'{0x0000000083f84e68}: Found class java.lang.Object, but interface was expected> (0x0000000083f84e68) 
thrown [s\open\src\hotspot\share\interpreter\linkResolver.cpp, line 841]
Event: 14.330 Thread 0x000002c232af0400 Exception <a 'java/lang/NoSuchMethodError'{0x0000000083eb7598}: method resolution failed> (0x0000000083eb7598) 
thrown [s\open\src\hotspot\share\prims\methodHandles.cpp, line 1268]
Event: 14.380 Thread 0x000002c232af0400 Exception <a 'java/lang/NoSuchMethodError'{0x0000000083da42e8}: method resolution failed> (0x0000000083da42e8) 
thrown [s\open\src\hotspot\share\prims\methodHandles.cpp, line 1268]
Event: 14.389 Thread 0x000002c232af0400 Exception <a 'java/lang/NoSuchMethodError'{0x0000000083dca088}: 'boolean java.lang.reflect.AccessibleObject.canAccess(java.lang.Object, java.lang.Class)'> (0x0000000083dca088) 
thrown [s\open\src\hotspot\share\interpreter\linkResolver.cpp, line 774]
Event: 14.491 Thread 0x000002c232af0400 Exception <a 'java/lang/NoSuchMethodError'{0x0000000083cf2218}: 'boolean java.lang.reflect.AccessibleObject.trySetAccessible(java.lang.Class)'> (0x0000000083cf2218) 
thrown [s\open\src\hotspot\share\interpreter\linkResolver.cpp, line 774]
Event: 15.289 Thread 0x000002c2568f9d10 Implicit null exception at 0x000002c2426d226c to 0x000002c2426d2318

VM Operations (20 events):
Event: 14.697 Executing VM operation: G1PauseRemark done
Event: 14.726 Executing VM operation: G1PauseCleanup
Event: 14.759 Executing VM operation: G1PauseCleanup done
Event: 14.812 Executing VM operation: G1CollectForAllocation
Event: 14.831 Executing VM operation: G1CollectForAllocation done
Event: 14.831 Executing VM operation: G1CollectForAllocation
Event: 14.837 Executing VM operation: G1CollectForAllocation done
Event: 15.070 Executing VM operation: G1CollectForAllocation
Event: 15.074 Executing VM operation: G1CollectForAllocation done
Event: 15.157 Executing VM operation: G1PauseRemark
Event: 15.162 Executing VM operation: G1PauseRemark done
Event: 15.192 Executing VM operation: G1PauseCleanup
Event: 15.192 Executing VM operation: G1PauseCleanup done
Event: 15.247 Executing VM operation: HandshakeAllThreads
Event: 15.247 Executing VM operation: HandshakeAllThreads done
Event: 15.247 Executing VM operation: HandshakeAllThreads
Event: 15.247 Executing VM operation: HandshakeAllThreads done
Event: 15.458 Executing VM operation: G1CollectForAllocation
Event: 15.475 Executing VM operation: G1CollectForAllocation done
Event: 15.475 Executing VM operation: G1CollectForAllocation

Events (20 events):
Event: 15.395 Thread 0x000002c2573c52e0 Thread added: 0x000002c2573c52e0
Event: 15.395 Thread 0x000002c2573c5830 Thread added: 0x000002c2573c5830
Event: 15.395 Thread 0x000002c2573c3300 Thread added: 0x000002c2573c3300
Event: 15.395 Thread 0x000002c2573c3850 Thread added: 0x000002c2573c3850
Event: 15.401 Thread 0x000002c2568fb250 Thread exited: 0x000002c2568fb250
Event: 15.401 Thread 0x000002c2573c5830 Thread exited: 0x000002c2573c5830
Event: 15.401 Thread 0x000002c2573c3850 Thread exited: 0x000002c2573c3850
Event: 15.401 Thread 0x000002c2573bfde0 Thread exited: 0x000002c2573bfde0
Event: 15.402 Thread 0x000002c2573c3300 Thread exited: 0x000002c2573c3300
Event: 15.402 Thread 0x000002c2573c4840 Thread exited: 0x000002c2573c4840
Event: 15.402 Thread 0x000002c2573c52e0 Thread exited: 0x000002c2573c52e0
Event: 15.402 Thread 0x000002c2568f9d10 Thread exited: 0x000002c2568f9d10
Event: 15.441 Thread 0x000002c2568fb250 Thread added: 0x000002c2568fb250
Event: 15.442 Thread 0x000002c2568f9d10 Thread added: 0x000002c2568f9d10
Event: 15.442 Thread 0x000002c2573c2860 Thread added: 0x000002c2573c2860
Event: 15.442 Thread 0x000002c2573c3850 Thread added: 0x000002c2573c3850
Event: 15.442 Thread 0x000002c2573c42f0 Thread added: 0x000002c2573c42f0
Event: 15.442 Thread 0x000002c2573c1320 Thread added: 0x000002c2573c1320
Event: 15.442 Thread 0x000002c2573c4d90 Thread added: 0x000002c2573c4d90
Event: 15.442 Thread 0x000002c2573c0dd0 Thread added: 0x000002c2573c0dd0


Dynamic libraries:
0x00007ff689ba0000 - 0x00007ff689bb0000 	C:\Program Files\Java\jdk-19\bin\java.exe
0x00007ffcac090000 - 0x00007ffcac288000 	C:\WINDOWS\SYSTEM32\ntdll.dll
0x00007ffcab520000 - 0x00007ffcab5df000 	C:\WINDOWS\System32\KERNEL32.DLL
0x00007ffca9ce0000 - 0x00007ffca9fba000 	C:\WINDOWS\System32\KERNELBASE.dll
0x00007ffca98d0000 - 0x00007ffca99d0000 	C:\WINDOWS\System32\ucrtbase.dll
0x00007ffc98540000 - 0x00007ffc98558000 	C:\Program Files\Java\jdk-19\bin\jli.dll
0x00007ffcaa240000 - 0x00007ffcaa2ee000 	C:\WINDOWS\System32\ADVAPI32.dll
0x00007ffcab7d0000 - 0x00007ffcab86e000 	C:\WINDOWS\System32\msvcrt.dll
0x00007ffcab2a0000 - 0x00007ffcab33c000 	C:\WINDOWS\System32\sechost.dll
0x00007ffcabf20000 - 0x00007ffcac046000 	C:\WINDOWS\System32\RPCRT4.dll
0x00007ffcabd60000 - 0x00007ffcabefd000 	C:\WINDOWS\System32\USER32.dll
0x00007ffca98a0000 - 0x00007ffca98c2000 	C:\WINDOWS\System32\win32u.dll
0x00007ffcab340000 - 0x00007ffcab36b000 	C:\WINDOWS\System32\GDI32.dll
0x00007ffca9bd0000 - 0x00007ffca9ce0000 	C:\WINDOWS\System32\gdi32full.dll
0x00007ffca9b30000 - 0x00007ffca9bcd000 	C:\WINDOWS\System32\msvcp_win.dll
0x00007ffc98520000 - 0x00007ffc9853b000 	C:\Program Files\Java\jdk-19\bin\VCRUNTIME140.dll
0x00007ffc95060000 - 0x00007ffc952fa000 	C:\WINDOWS\WinSxS\amd64_microsoft.windows.common-controls_6595b64144ccf1df_6.0.19041.1110_none_60b5254171f9507e\COMCTL32.dll
0x00007ffc97a70000 - 0x00007ffc97a7a000 	C:\WINDOWS\SYSTEM32\VERSION.dll
0x00007ffcabc40000 - 0x00007ffcabc70000 	C:\WINDOWS\System32\IMM32.DLL
0x00007ffca5320000 - 0x00007ffca532c000 	C:\Program Files\Java\jdk-19\bin\vcruntime140_1.dll
0x00007ffc8b6e0000 - 0x00007ffc8b76e000 	C:\Program Files\Java\jdk-19\bin\msvcp140.dll
0x00007ffc73c90000 - 0x00007ffc74950000 	C:\Program Files\Java\jdk-19\bin\server\jvm.dll
0x00007ffca0600000 - 0x00007ffca0609000 	C:\WINDOWS\SYSTEM32\WSOCK32.dll
0x00007ffcaa1d0000 - 0x00007ffcaa23b000 	C:\WINDOWS\System32\WS2_32.dll
0x00007ffc95860000 - 0x00007ffc95887000 	C:\WINDOWS\SYSTEM32\WINMM.dll
0x00007ffca7680000 - 0x00007ffca7692000 	C:\WINDOWS\SYSTEM32\kernel.appcore.dll
0x00007ffca48e0000 - 0x00007ffca48ea000 	C:\Program Files\Java\jdk-19\bin\jimage.dll
0x00007ffc96c50000 - 0x00007ffc96e34000 	C:\WINDOWS\SYSTEM32\DBGHELP.DLL
0x00007ffc96a90000 - 0x00007ffc96ac4000 	C:\WINDOWS\SYSTEM32\dbgcore.DLL
0x00007ffca9fc0000 - 0x00007ffcaa042000 	C:\WINDOWS\System32\bcryptPrimitives.dll
0x00007ffca5310000 - 0x00007ffca531e000 	C:\Program Files\Java\jdk-19\bin\instrument.dll
0x00007ffc93700000 - 0x00007ffc93726000 	C:\Program Files\Java\jdk-19\bin\java.dll
0x00007ffc7f320000 - 0x00007ffc7f3f7000 	C:\Program Files\Java\jdk-19\bin\jsvml.dll
0x00007ffcaa6e0000 - 0x00007ffcaae24000 	C:\WINDOWS\System32\SHELL32.dll
0x00007ffca7880000 - 0x00007ffca8013000 	C:\WINDOWS\SYSTEM32\windows.storage.dll
0x00007ffcab8d0000 - 0x00007ffcabc24000 	C:\WINDOWS\System32\combase.dll
0x00007ffca9120000 - 0x00007ffca914e000 	C:\WINDOWS\SYSTEM32\Wldp.dll
0x00007ffcaa550000 - 0x00007ffcaa5fd000 	C:\WINDOWS\System32\SHCORE.dll
0x00007ffcabc70000 - 0x00007ffcabcc5000 	C:\WINDOWS\System32\shlwapi.dll
0x00007ffca96e0000 - 0x00007ffca96ff000 	C:\WINDOWS\SYSTEM32\profapi.dll
0x00007ffc9aba0000 - 0x00007ffc9abb8000 	C:\Program Files\Java\jdk-19\bin\zip.dll
0x00007ffca52e0000 - 0x00007ffca52f3000 	C:\Program Files\Java\jdk-19\bin\net.dll
0x00007ffca17f0000 - 0x00007ffca18fa000 	C:\WINDOWS\SYSTEM32\WINHTTP.dll
0x00007ffca8e80000 - 0x00007ffca8eea000 	C:\WINDOWS\system32\mswsock.dll
0x00007ffc9bff0000 - 0x00007ffc9c006000 	C:\Program Files\Java\jdk-19\bin\nio.dll
0x00007ffca49b0000 - 0x00007ffca49ca000 	C:\Program Files\JetBrains\IntelliJ IDEA Community Edition 2023.1.1\bin\breakgen64.dll
0x00007ffca52d0000 - 0x00007ffca52d8000 	C:\Program Files\Java\jdk-19\bin\extnet.dll
0x00007ffca4b00000 - 0x00007ffca4b10000 	C:\Program Files\Java\jdk-19\bin\verify.dll
0x00007ffca52c0000 - 0x00007ffca52ca000 	C:\Program Files\Java\jdk-19\bin\management.dll
0x00007ffca4d60000 - 0x00007ffca4d6b000 	C:\Program Files\Java\jdk-19\bin\management_ext.dll
0x00007ffcaa0f0000 - 0x00007ffcaa0f8000 	C:\WINDOWS\System32\PSAPI.DLL
0x00007ffc8f6f0000 - 0x00007ffc8f707000 	C:\WINDOWS\system32\napinsp.dll
0x00007ffc8f6d0000 - 0x00007ffc8f6eb000 	C:\WINDOWS\system32\pnrpnsp.dll
0x00007ffc8f6b0000 - 0x00007ffc8f6c5000 	C:\WINDOWS\system32\wshbth.dll
0x00007ffca51c0000 - 0x00007ffca51dd000 	C:\WINDOWS\system32\NLAapi.dll
0x00007ffca8b70000 - 0x00007ffca8bac000 	C:\WINDOWS\SYSTEM32\IPHLPAPI.DLL
0x00007ffca8bb0000 - 0x00007ffca8c7b000 	C:\WINDOWS\SYSTEM32\DNSAPI.dll
0x00007ffcabc30000 - 0x00007ffcabc38000 	C:\WINDOWS\System32\NSI.dll
0x00007ffc8f690000 - 0x00007ffc8f6a2000 	C:\WINDOWS\System32\winrnr.dll
0x00007ffc9a560000 - 0x00007ffc9a56a000 	C:\Windows\System32\rasadhlp.dll
0x00007ffc9b390000 - 0x00007ffc9b410000 	C:\WINDOWS\System32\fwpuclnt.dll
0x00007ffcaa0c0000 - 0x00007ffcaa0e7000 	C:\WINDOWS\System32\bcrypt.dll
0x00007ffca9070000 - 0x00007ffca9088000 	C:\WINDOWS\SYSTEM32\CRYPTSP.dll
0x00007ffca87a0000 - 0x00007ffca87d4000 	C:\WINDOWS\system32\rsaenh.dll
0x00007ffca9660000 - 0x00007ffca968e000 	C:\WINDOWS\SYSTEM32\USERENV.dll
0x00007ffca9090000 - 0x00007ffca909c000 	C:\WINDOWS\SYSTEM32\CRYPTBASE.dll
0x00007ffca2160000 - 0x00007ffca2177000 	C:\WINDOWS\SYSTEM32\dhcpcsvc6.DLL
0x00007ffca24a0000 - 0x00007ffca24bd000 	C:\WINDOWS\SYSTEM32\dhcpcsvc.DLL
0x00007ffc9e3f0000 - 0x00007ffc9e3fe000 	C:\Program Files\Java\jdk-19\bin\sunmscapi.dll
0x00007ffca99d0000 - 0x00007ffca9b26000 	C:\WINDOWS\System32\CRYPT32.dll
0x00007ffca9190000 - 0x00007ffca91b8000 	C:\WINDOWS\SYSTEM32\ncrypt.dll
0x00007ffca9150000 - 0x00007ffca918b000 	C:\WINDOWS\SYSTEM32\NTASN1.dll

dbghelp: loaded successfully - version: 4.0.5 - missing functions: none
symbol engine: initialized successfully - sym options: 0x614 - pdb path: .;C:\Program Files\Java\jdk-19\bin;C:\WINDOWS\SYSTEM32;C:\WINDOWS\WinSxS\amd64_microsoft.windows.common-controls_6595b64144ccf1df_6.0.19041.1110_none_60b5254171f9507e;C:\Program Files\Java\jdk-19\bin\server;C:\Program Files\JetBrains\IntelliJ IDEA Community Edition 2023.1.1\bin

VM Arguments:
jvm_args: -javaagent:C:\Program Files\JetBrains\IntelliJ IDEA Community Edition 2023.1.1\lib\idea_rt.jar=57663:C:\Program Files\JetBrains\IntelliJ IDEA Community Edition 2023.1.1\bin -Dfile.encoding=UTF-8 -Dsun.stdout.encoding=UTF-8 -Dsun.stderr.encoding=UTF-8 
java_command: com.example.Category.Management.CategoryManagementApplication
java_class_path (initial): C:\Users\sarat\Desktop\project\Category-Management\target\classes;C:\Users\sarat\.m2\repository\org\springframework\boot\spring-boot-starter-data-jpa\2.4.3\spring-boot-starter-data-jpa-2.4.3.jar;C:\Users\sarat\.m2\repository\org\springframework\boot\spring-boot-starter-aop\2.4.3\spring-boot-starter-aop-2.4.3.jar;C:\Users\sarat\.m2\repository\org\springframework\spring-aop\5.3.4\spring-aop-5.3.4.jar;C:\Users\sarat\.m2\repository\org\aspectj\aspectjweaver\1.9.6\aspectjweaver-1.9.6.jar;C:\Users\sarat\.m2\repository\org\springframework\boot\spring-boot-starter-jdbc\2.4.3\spring-boot-starter-jdbc-2.4.3.jar;C:\Users\sarat\.m2\repository\com\zaxxer\HikariCP\3.4.5\HikariCP-3.4.5.jar;C:\Users\sarat\.m2\repository\org\springframework\spring-jdbc\5.3.4\spring-jdbc-5.3.4.jar;C:\Users\sarat\.m2\repository\jakarta\transaction\jakarta.transaction-api\1.3.3\jakarta.transaction-api-1.3.3.jar;C:\Users\sarat\.m2\repository\jakarta\persistence\jakarta.persistence-api\2.2.3\jakarta.persistence-api-2.2.3.jar;C:\Users\sarat\.m2\repository\org\hibernate\hibernate-core\5.4.28.Final\hibernate-core-5.4.28.Final.jar;C:\Users\sarat\.m2\repository\org\jboss\logging\jboss-logging\3.4.1.Final\jboss-logging-3.4.1.Final.jar;C:\Users\sarat\.m2\repository\org\javassist\javassist\3.27.0-GA\javassist-3.27.0-GA.jar;C:\Users\sarat\.m2\repository\net\bytebuddy\byte-buddy\1.10.20\byte-buddy-1.10.20.jar;C:\Users\sarat\.m2\repository\antlr\antlr\2.7.7\antlr-2.7.7.jar;C:\Users\sarat\.m2\repository\org\jboss\jandex\2.2.3.Final\jandex-2.2.3.Final.jar;C:\Users\sarat\.m2\repository\org\dom4j\dom4j\2.1.3\dom4j-2.1.3.jar;C:\Users\sarat\.m2\repository\org\hibernate\common\hibernate-commons-annotations\5.1.2.Final\hibernate-commons-annotations-5.1.2.Final.jar;C:\Users\sarat\.m2\repository\org\glassfish\jaxb\jaxb-runtime\2.3.3\jaxb-runtime-2.3.3.jar;C:\Users\sarat\.m2\repository\org\glassfish\jaxb\txw2\2.3.3\txw2-2.3.3.jar;C:\Users\sarat\.m2\repository\com\sun\istack\istack-commons-runtime\3.0.11\istack-commons-runtime-3.0.11.jar;C:\Users\sarat\.m2\repository\org\springframework\data\spring-data-jpa\2.4.5\spring-data-jpa-2.4.5.jar;C:\Users\sarat\.m2\repository\org\springframework\data\spring-data-commons\2.4.5\spring-data-commons-2.4.5.jar;C:\Users\sarat\.m2\repository\org\springframework\spring-orm\5.3.4\spring-orm-5.3.4.jar;C:\Users\sarat\.m2\repository\org\springframework\spring-context\5.3.4\spring-context-5.3.4.jar;C:\Users\sarat\.m2\repository\org\springframework\spring-tx\5.3.4\spring-tx-5.3.4.jar;C:\Users\sarat\.m2\repository\org\springframework\spring-beans\5.3.4\spring-beans-5.3.4.jar;C:\Users\sarat\.m2\repository\org\springframework\spring-aspects\5.3.4\spring-aspects-5.3.4.jar;C:\Users\sarat\.m2\repository\org\springframework\boot\spring-boot-starter-web\2.4.3\spring-boot-starter-web-2.4.3.jar;C:\Users\sarat\.m2\repository\org\springframework\boot\spring-boot-starter\2.4.3\spring-boot-starter-2.4.3.jar;C:\Users\sarat\.m2\repository\org\springframework\boot\spring-boot\2.4.3\spring-boot-2.4.3.jar;C:\Users\sarat\.m2\repository\org\springframework\boot\spring-boot-autoconfigure\2.4.3\spring-boot-autoconfigure-2.4.3.jar;C:\Users\sarat\.m2\repository\org\springframework\boot\spring-boot-starter-logging\2.4.3\spring-boot-starter-logging-2.4.3.jar;C:\Users\sarat\.m2\repository\ch\qos\logback\logback-classic\1.2.3\logback-classic-1.2.3.jar;C:\Users\sarat\.m2\repository\ch\qos\logback\logback-core\1.2.3\logback-core-1.2.3.jar;C:\Users\sarat\.m2\repository\org\apache\logging\log4j\log4j-to-slf4j\2.13.3\log4j-to-slf4j-2.13.3.jar;C:\Users\sarat\.m2\repository\org\apache\logging\log4j\log4j-api\2.13.3\log4j-api-2.13.3.jar;C:\Users\sarat\.m2\repository\org\slf4j\jul-to-slf4j\1.7.30\jul-to-slf4j-1.7.30.jar;C:\Users\sarat\.m2\repository\jakarta\annotation\jakarta.annotation-api\1.3.5\jakarta.annotation-api-1.3.5.jar;C:\Users\sarat\.m2\repository\org\yaml\snakeyaml\1.27\snakeyaml-1.27.jar;C:\Users\sarat\.m2\repository\org\springframework\boot\spring-boot-starter-json\2.4.3\spring-boot-starter-json-2.4.3.jar;C:\Users\sarat\.m2\repository\com\fasterxml\jackson\core\jackson-databind\2.11.4\jackson-databind-2.11.4.jar;C:\Users\sarat\.m2\repository\com\fasterxml\jackson\datatype\jackson-datatype-jdk8\2.11.4\jackson-datatype-jdk8-2.11.4.jar;C:\Users\sarat\.m2\repository\com\fasterxml\jackson\datatype\jackson-datatype-jsr310\2.11.4\jackson-datatype-jsr310-2.11.4.jar;C:\Users\sarat\.m2\repository\com\fasterxml\jackson\module\jackson-module-parameter-names\2.11.4\jackson-module-parameter-names-2.11.4.jar;C:\Users\sarat\.m2\repository\org\springframework\boot\spring-boot-starter-tomcat\2.4.3\spring-boot-starter-tomcat-2.4.3.jar;C:\Users\sarat\.m2\repository\org\apache\tomcat\embed\tomcat-embed-core\9.0.43\tomcat-embed-core-9.0.43.jar;C:\Users\sarat\.m2\repository\org\apache\tomcat\embed\tomcat-embed-websocket\9.0.43\tomcat-embed-websocket-9.0.43.jar;C:\Users\sarat\.m2\repository\org\springframework\spring-web\5.3.4\spring-web-5.3.4.jar;C:\Users\sarat\.m2\repository\org\springframework\spring-webmvc\5.3.4\spring-webmvc-5.3.4.jar;C:\Users\sarat\.m2\repository\org\springframework\spring-expression\5.3.4\spring-expression-5.3.4.jar;C:\Users\sarat\.m2\repository\org\springdoc\springdoc-openapi-ui\1.6.4\springdoc-openapi-ui-1.6.4.jar;C:\Users\sarat\.m2\repository\org\springdoc\springdoc-openapi-webmvc-core\1.6.4\springdoc-openapi-webmvc-core-1.6.4.jar;C:\Users\sarat\.m2\repository\org\springdoc\springdoc-openapi-common\1.6.4\springdoc-openapi-common-1.6.4.jar;C:\Users\sarat\.m2\repository\io\swagger\core\v3\swagger-core\2.1.12\swagger-core-2.1.12.jar;C:\Users\sarat\.m2\repository\org\apache\commons\commons-lang3\3.11\commons-lang3-3.11.jar;C:\Users\sarat\.m2\repository\com\fasterxml\jackson\dataformat\jackson-dataformat-yaml\2.11.4\jackson-dataformat-yaml-2.11.4.jar;C:\Users\sarat\.m2\repository\io\swagger\core\v3\swagger-models\2.1.12\swagger-models-2.1.12.jar;C:\Users\sarat\.m2\repository\org\webjars\swagger-ui\4.1.3\swagger-ui-4.1.3.jar;C:\Users\sarat\.m2\repository\org\webjars\webjars-locator-core\0.46\webjars-locator-core-0.46.jar;C:\Users\sarat\.m2\repository\com\fasterxml\jackson\core\jackson-core\2.11.4\jackson-core-2.11.4.jar;C:\Users\sarat\.m2\repository\io\github\classgraph\classgraph\4.8.138\classgraph-4.8.138.jar;C:\Users\sarat\.m2\repository\io\springfox\springfox-swagger2\3.0.0\springfox-swagger2-3.0.0.jar;C:\Users\sarat\.m2\repository\io\springfox\springfox-spi\3.0.0\springfox-spi-3.0.0.jar;C:\Users\sarat\.m2\repository\io\springfox\springfox-core\3.0.0\springfox-core-3.0.0.jar;C:\Users\sarat\.m2\repository\io\springfox\springfox-schema\3.0.0\springfox-schema-3.0.0.jar;C:\Users\sarat\.m2\repository\io\springfox\springfox-swagger-common\3.0.0\springfox-swagger-common-3.0.0.jar;C:\Users\sarat\.m2\repository\io\swagger\core\v3\swagger-annotations\2.1.2\swagger-annotations-2.1.2.jar;C:\Users\sarat\.m2\repository\io\springfox\springfox-spring-web\3.0.0\springfox-spring-web-3.0.0.jar;C:\Users\sarat\.m2\repository\io\springfox\springfox-spring-webmvc\3.0.0\springfox-spring-webmvc-3.0.0.jar;C:\Users\sarat\.m2\repository\io\springfox\springfox-spring-webflux\3.0.0\springfox-spring-webflux-3.0.0.jar;C:\Users\sarat\.m2\repository\com\fasterxml\classmate\1.5.1\classmate-1.5.1.jar;C:\Users\sarat\.m2\repository\org\slf4j\slf4j-api\1.7.30\slf4j-api-1.7.30.jar;C:\Users\sarat\.m2\repository\org\springframework\plugin\spring-plugin-core\2.0.0.RELEASE\spring-plugin-core-2.0.0.RELEASE.jar;C:\Users\sarat\.m2\repository\org\springframework\plugin\spring-plugin-metadata\2.0.0.RELEASE\spring-plugin-metadata-2.0.0.RELEASE.jar;C:\Users\sarat\.m2\repository\io\swagger\swagger-annotations\1.5.20\swagger-annotations-1.5.20.jar;C:\Users\sarat\.m2\repository\io\swagger\swagger-models\1.5.20\swagger-models-1.5.20.jar;C:\Users\sarat\.m2\repository\com\fasterxml\jackson\core\jackson-annotations\2.11.4\jackson-annotations-2.11.4.jar;C:\Users\sarat\.m2\repository\org\mapstruct\mapstruct\1.3.1.Final\mapstruct-1.3.1.Final.jar;C:\Users\sarat\.m2\repository\io\springfox\springfox-swagger-ui\2.9.2\springfox-swagger-ui-2.9.2.jar;C:\Users\sarat\.m2\repository\org\springframework\boot\spring-boot-starter-validation\2.4.3\spring-boot-starter-validation-2.4.3.jar;C:\Users\sarat\.m2\repository\org\glassfish\jakarta.el\3.0.3\jakarta.el-3.0.3.jar;C:\Users\sarat\.m2\repository\org\hibernate\validator\hibernate-validator\6.1.7.Final\hibernate-validator-6.1.7.Final.jar;C:\Users\sarat\.m2\repository\jakarta\validation\jakarta.validation-api\2.0.2\jakarta.validation-api-2.0.2.jar;C:\Users\sarat\.m2\repository\org\springframework\boot\spring-boot-starter-mail\2.4.3\spring-boot-starter-mail-2.4.3.jar;C:\Users\sarat\.m2\repository\org\springframework\spring-context-support\5.3.4\spring-context-support-5.3.4.jar;C:\Users\sarat\.m2\repository\com\sun\mail\jakarta.mail\1.6.5\jakarta.mail-1.6.5.jar;C:\Users\sarat\.m2\repository\com\sun\activation\jakarta.activation\1.2.2\jakarta.activation-1.2.2.jar;C:\Users\sarat\.m2\repository\mysql\mysql-connector-java\8.0.23\mysql-connector-java-8.0.23.jar;C:\Users\sarat\.m2\repository\org\projectlombok\lombok\1.18.18\lombok-1.18.18.jar;C:\Users\sarat\.m2\repository\jakarta\xml\bind\jakarta.xml.bind-api\2.3.3\jakarta.xml.bind-api-2.3.3.jar;C:\Users\sarat\.m2\repository\jakarta\activation\jakarta.activation-api\1.2.2\jakarta.activation-api-1.2.2.jar;C:\Users\sarat\.m2\repository\org\springframework\spring-core\5.3.4\spring-core-5.3.4.jar;C:\Users\sarat\.m2\repository\org\springframework\spring-jcl\5.3.4\spring-jcl-5.3.4.jar
Launcher Type: SUN_STANDARD

[Global flags]
     intx CICompilerCount                          = 3                                         {product} {ergonomic}
     uint ConcGCThreads                            = 1                                         {product} {ergonomic}
     uint G1ConcRefinementThreads                  = 4                                         {product} {ergonomic}
   size_t G1HeapRegionSize                         = 1048576                                   {product} {ergonomic}
    uintx GCDrainStackTargetSize                   = 64                                        {product} {ergonomic}
   size_t InitialHeapSize                          = 134217728                                 {product} {ergonomic}
   size_t MarkStackSize                            = 4194304                                   {product} {ergonomic}
   size_t MaxHeapSize                              = 2120220672                                {product} {ergonomic}
   size_t MaxNewSize                               = 1271922688                                {product} {ergonomic}
   size_t MinHeapDeltaBytes                        = 1048576                                   {product} {ergonomic}
   size_t MinHeapSize                              = 8388608                                   {product} {ergonomic}
    uintx NonNMethodCodeHeapSize                   = 5832780                                {pd product} {ergonomic}
    uintx NonProfiledCodeHeapSize                  = 122912730                              {pd product} {ergonomic}
    uintx ProfiledCodeHeapSize                     = 122912730                              {pd product} {ergonomic}
    uintx ReservedCodeCacheSize                    = 251658240                              {pd product} {ergonomic}
     bool SegmentedCodeCache                       = true                                      {product} {ergonomic}
   size_t SoftMaxHeapSize                          = 2120220672                             {manageable} {ergonomic}
     bool UseCompressedClassPointers               = true                           {product lp64_product} {ergonomic}
     bool UseCompressedOops                        = true                           {product lp64_product} {ergonomic}
     bool UseG1GC                                  = true                                      {product} {ergonomic}
     bool UseLargePagesIndividualAllocation        = false                                  {pd product} {ergonomic}

Logging:
Log output configuration:
 #0: stdout all=warning uptime,level,tags foldmultilines=false
 #1: stderr all=off uptime,level,tags foldmultilines=false

Environment Variables:
JAVA_HOME=C:\Program Files\Java\jdk-19
PATH=C:\Program Files (x86)\NVIDIA Corporation\PhysX\Common;C:\Program Files\Common Files\Oracle\Java\javapath;C:\WINDOWS\system32;C:\WINDOWS;C:\WINDOWS\System32\Wbem;C:\WINDOWS\System32\WindowsPowerShell\v1.0\;C:\WINDOWS\System32\OpenSSH\;C:\Program Files\Git\cmd;C:\Program Files\Java\jdk-19\bin;C:\Program Files\apache-maven-3.9.1\bin;C:\Program Files\apache-maven-3.9.1\bin;C:\Program Files\MySQL\MySQL Server 8.0\bin;C:\Program Files\MySQL\MySQL Shell 8.0\bin\;C:\Program Files\JetBrains\IntelliJ IDEA Community Edition 2023.1.1\bin;
USERNAME=sarath
OS=Windows_NT
PROCESSOR_IDENTIFIER=Intel64 Family 6 Model 58 Stepping 9, GenuineIntel
TMP=C:\Users\sarat\AppData\Local\Temp
TEMP=C:\Users\sarat\AppData\Local\Temp



---------------  S Y S T E M  ---------------

OS:
 Windows 10 , 64 bit Build 19041 (10.0.19041.2788)
OS uptime: 1 days 1:38 hours

CPU: total 4 (initial active 4) (2 cores per cpu, 2 threads per core) family 6 model 58 stepping 9 microcode 0x21, cx8, cmov, fxsr, ht, mmx, sse, sse2, sse3, ssse3, sse4.1, sse4.2, popcnt, tsc, tscinvbit, avx, erms, clmul, vzeroupper, clflush, rdtscp

Memory: 4k page, system-wide physical 8081M (1035M free)
TotalPageFile size 10129M (AvailPageFile size 11M)
current process WorkingSet (physical memory assigned to process): 226M, peak: 226M
current process commit charge ("private bytes"): 260M, peak: 280M

vm_info: Java HotSpot(TM) 64-Bit Server VM (19.0.1+10-21) for windows-amd64 JRE (19.0.1+10-21), built on 2022-09-14T12:45:06Z by "mach5one" with MS VC++ 17.1 (VS2022)

END.
