#
# There is insufficient memory for the Java Runtime Environment to continue.
# Native memory allocation (malloc) failed to allocate 104736 bytes for Chunk::new
# Possible reasons:
#   The system is out of physical RAM or swap space
#   The process is running with CompressedOops enabled, and the Java Heap may be blocking the growth of the native heap
# Possible solutions:
#   Reduce memory load on the system
#   Increase physical memory or swap space
#   Check if swap backing store is full
#   Decrease Java heap size (-Xmx/-Xms)
#   Decrease number of Java threads
#   Decrease Java thread stack sizes (-Xss)
#   Set larger code cache with -XX:ReservedCodeCacheSize=
#   JVM is running with Unscaled Compressed Oops mode in which the Java heap is
#     placed in the first 4GB address space. The Java Heap base address is the
#     maximum limit for the native heap growth. Please use -XX:HeapBaseMinAddress
#     to set the Java Heap base and to place the Java Heap above 4GB virtual address.
# This output file may be truncated or incomplete.
#
#  Out of Memory Error (arena.cpp:184), pid=7688, tid=1504
#
# JRE version: Java(TM) SE Runtime Environment (19.0.1+10) (build 19.0.1+10-21)
# Java VM: Java HotSpot(TM) 64-Bit Server VM (19.0.1+10-21, mixed mode, sharing, tiered, compressed oops, compressed class ptrs, g1 gc, windows-amd64)
# No core dump will be written. Minidumps are not enabled by default on client versions of Windows
#

---------------  S U M M A R Y ------------

Command Line: -javaagent:C:\Program Files\JetBrains\IntelliJ IDEA Community Edition 2023.1.1\lib\idea_rt.jar=62290:C:\Program Files\JetBrains\IntelliJ IDEA Community Edition 2023.1.1\bin -Dfile.encoding=UTF-8 -Dsun.stdout.encoding=UTF-8 -Dsun.stderr.encoding=UTF-8 com.example.Category.Management.CategoryManagementApplication

Host: Intel(R) Core(TM) i3-3240 CPU @ 3.40GHz, 4 cores, 7G,  Windows 10 , 64 bit Build 19041 (10.0.19041.2788)
Time: Sun May 14 14:51:27 2023 India Standard Time elapsed time: 4179.908286 seconds (0d 1h 9m 39s)

---------------  T H R E A D  ---------------

Current thread (0x000001d5fee59990):  JavaThread "C2 CompilerThread0" daemon [_thread_in_native, id=1504, stack(0x00000026cf700000,0x00000026cf800000)]


Current CompileTask:
C2:4179908 7302       4       java.util.concurrent.ScheduledThreadPoolExecutor$DelayedWorkQueue::add (9 bytes)

Stack: [0x00000026cf700000,0x00000026cf800000]
Native frames: (J=compiled Java code, j=interpreted, Vv=VM code, C=native code)
V  [jvm.dll+0x6ee8fa]
V  [jvm.dll+0x857a1e]
V  [jvm.dll+0x85940e]
V  [jvm.dll+0x859ac3]
V  [jvm.dll+0x28291f]
V  [jvm.dll+0xc9b5f]
V  [jvm.dll+0xc9ee5]
V  [jvm.dll+0x3bcbac]
V  [jvm.dll+0x1edfa5]
V  [jvm.dll+0x24c41b]
V  [jvm.dll+0x24b671]
V  [jvm.dll+0x1d6d61]
V  [jvm.dll+0x25b0fa]
V  [jvm.dll+0x259588]
V  [jvm.dll+0x807928]
V  [jvm.dll+0x8015fa]
V  [jvm.dll+0x6ed5eb]
C  [ucrtbase.dll+0x21bb2]
C  [KERNEL32.DLL+0x17604]
C  [ntdll.dll+0x526a1]


---------------  P R O C E S S  ---------------

Threads class SMR info:
_java_thread_list=0x000001d58408ffc0, length=31, elements={
0x000001d5fee43060, 0x000001d5fee43ff0, 0x000001d5fee488a0, 0x000001d5fee4b1f0,
0x000001d5fee4cb30, 0x000001d5fee555b0, 0x000001d5fee59990, 0x000001d5fee5b310,
0x000001d5fee66460, 0x000001d5fee157e0, 0x000001d5ff2120e0, 0x000001d5ff212620,
0x000001d586769cb0, 0x000001d58676a750, 0x000001d58676c1e0, 0x000001d58676bc90,
0x000001d58676b740, 0x000001d586e7d9a0, 0x000001d586e77a00, 0x000001d586e7def0,
0x000001d586e7d450, 0x000001d586e7e440, 0x000001d586e799e0, 0x000001d586e7e990,
0x000001d586e76f60, 0x000001d586e7c9b0, 0x000001d586e789f0, 0x000001d586e7b9c0,
0x000001d586e7bf10, 0x000001d586e7af20, 0x000001d586e7c460
}

Java Threads: ( => current thread )
  0x000001d5fee43060 JavaThread "Reference Handler" daemon [_thread_blocked, id=7672, stack(0x00000026cf100000,0x00000026cf200000)]
  0x000001d5fee43ff0 JavaThread "Finalizer" daemon [_thread_blocked, id=2928, stack(0x00000026cf200000,0x00000026cf300000)]
  0x000001d5fee488a0 JavaThread "Signal Dispatcher" daemon [_thread_blocked, id=1768, stack(0x00000026cf300000,0x00000026cf400000)]
  0x000001d5fee4b1f0 JavaThread "Attach Listener" daemon [_thread_blocked, id=4168, stack(0x00000026cf400000,0x00000026cf500000)]
  0x000001d5fee4cb30 JavaThread "Service Thread" daemon [_thread_blocked, id=10040, stack(0x00000026cf500000,0x00000026cf600000)]
  0x000001d5fee555b0 JavaThread "Monitor Deflation Thread" daemon [_thread_blocked, id=9508, stack(0x00000026cf600000,0x00000026cf700000)]
=>0x000001d5fee59990 JavaThread "C2 CompilerThread0" daemon [_thread_in_native, id=1504, stack(0x00000026cf700000,0x00000026cf800000)]
  0x000001d5fee5b310 JavaThread "C1 CompilerThread0" daemon [_thread_blocked, id=5516, stack(0x00000026cf800000,0x00000026cf900000)]
  0x000001d5fee66460 JavaThread "Sweeper thread" daemon [_thread_blocked, id=5184, stack(0x00000026cf900000,0x00000026cfa00000)]
  0x000001d5fee157e0 JavaThread "Common-Cleaner" daemon [_thread_blocked, id=9736, stack(0x00000026cfa00000,0x00000026cfb00000)]
  0x000001d5ff2120e0 JavaThread "Monitor Ctrl-Break" daemon [_thread_in_native, id=9024, stack(0x00000026cfc00000,0x00000026cfd00000)]
  0x000001d5ff212620 JavaThread "Notification Thread" daemon [_thread_blocked, id=7428, stack(0x00000026cfd00000,0x00000026cfe00000)]
  0x000001d586769cb0 JavaThread "Catalina-utility-1" [_thread_blocked, id=452, stack(0x00000026cfb00000,0x00000026cfc00000)]
  0x000001d58676a750 JavaThread "Catalina-utility-2" [_thread_blocked, id=3952, stack(0x00000026d0300000,0x00000026d0400000)]
  0x000001d58676c1e0 JavaThread "container-0" [_thread_blocked, id=5616, stack(0x00000026d0400000,0x00000026d0500000)]
  0x000001d58676bc90 JavaThread "mysql-cj-abandoned-connection-cleanup" daemon [_thread_blocked, id=5960, stack(0x00000026d0500000,0x00000026d0600000)]
  0x000001d58676b740 JavaThread "HikariPool-1 housekeeper" daemon [_thread_blocked, id=9448, stack(0x00000026d0700000,0x00000026d0800000)]
  0x000001d586e7d9a0 JavaThread "http-nio-8080-BlockPoller" daemon [_thread_in_native, id=9944, stack(0x00000026d0200000,0x00000026d0300000)]
  0x000001d586e77a00 JavaThread "http-nio-8080-exec-1" daemon [_thread_blocked, id=2604, stack(0x00000026d0900000,0x00000026d0a00000)]
  0x000001d586e7def0 JavaThread "http-nio-8080-exec-2" daemon [_thread_blocked, id=1980, stack(0x00000026d0a00000,0x00000026d0b00000)]
  0x000001d586e7d450 JavaThread "http-nio-8080-exec-3" daemon [_thread_blocked, id=4308, stack(0x00000026d0b00000,0x00000026d0c00000)]
  0x000001d586e7e440 JavaThread "http-nio-8080-exec-4" daemon [_thread_blocked, id=7400, stack(0x00000026d0c00000,0x00000026d0d00000)]
  0x000001d586e799e0 JavaThread "http-nio-8080-exec-5" daemon [_thread_blocked, id=7928, stack(0x00000026d0d00000,0x00000026d0e00000)]
  0x000001d586e7e990 JavaThread "http-nio-8080-exec-6" daemon [_thread_blocked, id=5528, stack(0x00000026d0e00000,0x00000026d0f00000)]
  0x000001d586e76f60 JavaThread "http-nio-8080-exec-7" daemon [_thread_blocked, id=6288, stack(0x00000026d0f00000,0x00000026d1000000)]
  0x000001d586e7c9b0 JavaThread "http-nio-8080-exec-8" daemon [_thread_blocked, id=9752, stack(0x00000026d1100000,0x00000026d1200000)]
  0x000001d586e789f0 JavaThread "http-nio-8080-exec-9" daemon [_thread_blocked, id=6900, stack(0x00000026d1200000,0x00000026d1300000)]
  0x000001d586e7b9c0 JavaThread "http-nio-8080-exec-10" daemon [_thread_blocked, id=9376, stack(0x00000026d1300000,0x00000026d1400000)]
  0x000001d586e7bf10 JavaThread "http-nio-8080-ClientPoller" daemon [_thread_in_native, id=4880, stack(0x00000026d1400000,0x00000026d1500000)]
  0x000001d586e7af20 JavaThread "http-nio-8080-Acceptor" daemon [_thread_in_native, id=4544, stack(0x00000026d1500000,0x00000026d1600000)]
  0x000001d586e7c460 JavaThread "DestroyJavaVM" [_thread_blocked, id=9460, stack(0x00000026ce800000,0x00000026ce900000)]

Other Threads:
  0x000001d5fee25b00 VMThread "VM Thread" [stack: 0x00000026cef00000,0x00000026cf000000] [id=1036]
  0x000001d5ff25d590 WatcherThread "VM Periodic Task Thread" [stack: 0x00000026cfe00000,0x00000026cff00000] [id=5276]
  0x000001d5defdcc60 WorkerThread "GC Thread#0" [stack: 0x00000026cea00000,0x00000026ceb00000] [id=7196]
  0x000001d5ff753dc0 WorkerThread "GC Thread#1" [stack: 0x00000026cff00000,0x00000026d0000000] [id=7552]
  0x000001d5ff8ea7d0 WorkerThread "GC Thread#2" [stack: 0x00000026d0000000,0x00000026d0100000] [id=7232]
  0x000001d5ff959a70 WorkerThread "GC Thread#3" [stack: 0x00000026d0100000,0x00000026d0200000] [id=9840]
  0x000001d5defecc20 ConcurrentGCThread "G1 Main Marker" [stack: 0x00000026ceb00000,0x00000026cec00000] [id=4800]
  0x000001d5dee6e120 WorkerThread "G1 Conc#0" [stack: 0x00000026cec00000,0x00000026ced00000] [id=2868]
  0x000001d5df03e570 ConcurrentGCThread "G1 Refine#0" [stack: 0x00000026ced00000,0x00000026cee00000] [id=368]
  0x000001d5fece6280 ConcurrentGCThread "G1 Service" [stack: 0x00000026cee00000,0x00000026cef00000] [id=6720]

Threads with active compile tasks:
C2 CompilerThread0  4179929 7302       4       java.util.concurrent.ScheduledThreadPoolExecutor$DelayedWorkQueue::add (9 bytes)

VM state: not at safepoint (normal execution)

VM Mutex/Monitor currently owned by a thread: None

Heap address: 0x0000000081a00000, size: 2022 MB, Compressed Oops mode: 32-bit

CDS archive(s) mapped at: [0x0000000800000000-0x0000000800c40000-0x0000000800c40000), size 12845056, SharedBaseAddress: 0x0000000800000000, ArchiveRelocationMode: 0.
Compressed class space mapped at: 0x0000000801000000-0x0000000841000000, reserved size: 1073741824
Narrow klass base: 0x0000000800000000, Narrow klass shift: 0, Narrow klass range: 0x100000000

GC Precious Log:
 CardTable entry size: 512
 Card Set container configuration: InlinePtr #cards 5 size 8 Array Of Cards #cards 12 size 40 Howl #buckets 4 coarsen threshold 1843 Howl Bitmap #cards 512 size 80 coarsen threshold 460 Card regions per heap region 1 cards per card region 2048
 CPUs: 4 total, 4 available
 Memory: 8081M
 Large Page Support: Disabled
 NUMA Support: Disabled
 Compressed Oops: Enabled (32-bit)
 Heap Region Size: 1M
 Heap Min Capacity: 8M
 Heap Initial Capacity: 128M
 Heap Max Capacity: 2022M
 Pre-touch: Disabled
 Parallel Workers: 4
 Concurrent Workers: 1
 Concurrent Refinement Workers: 4
 Periodic GC: Disabled

Heap:
 garbage-first heap   total 155648K, used 98479K [0x0000000081a00000, 0x0000000100000000)
  region size 1024K, 54 young (55296K), 8 survivors (8192K)
 Metaspace       used 65775K, committed 66368K, reserved 1114112K
  class space    used 8387K, committed 8640K, reserved 1048576K

Heap Regions: E=young(eden), S=young(survivor), O=old, HS=humongous(starts), HC=humongous(continues), CS=collection set, F=free, OA=open archive, CA=closed archive, TAMS=top-at-mark-start (previous, next)
|   0|0x0000000081a00000, 0x0000000081b00000, 0x0000000081b00000|100%|HS|  |TAMS 0x0000000081b00000, 0x0000000081a00000| Complete 
|   1|0x0000000081b00000, 0x0000000081c00000, 0x0000000081c00000|100%| O|  |TAMS 0x0000000081c00000, 0x0000000081b00000| Untracked 
|   2|0x0000000081c00000, 0x0000000081d00000, 0x0000000081d00000|100%| O|  |TAMS 0x0000000081d00000, 0x0000000081c00000| Untracked 
|   3|0x0000000081d00000, 0x0000000081e00000, 0x0000000081e00000|100%| O|  |TAMS 0x0000000081e00000, 0x0000000081d00000| Untracked 
|   4|0x0000000081e00000, 0x0000000081f00000, 0x0000000081f00000|100%| O|  |TAMS 0x0000000081f00000, 0x0000000081e00000| Untracked 
|   5|0x0000000081f00000, 0x0000000082000000, 0x0000000082000000|100%| O|  |TAMS 0x0000000082000000, 0x0000000081f00000| Untracked 
|   6|0x0000000082000000, 0x0000000082100000, 0x0000000082100000|100%| O|  |TAMS 0x0000000082100000, 0x0000000082000000| Untracked 
|   7|0x0000000082100000, 0x0000000082200000, 0x0000000082200000|100%| O|  |TAMS 0x0000000082200000, 0x0000000082100000| Untracked 
|   8|0x0000000082200000, 0x0000000082300000, 0x0000000082300000|100%| O|  |TAMS 0x0000000082300000, 0x0000000082200000| Untracked 
|   9|0x0000000082300000, 0x0000000082400000, 0x0000000082400000|100%| O|  |TAMS 0x0000000082400000, 0x0000000082300000| Untracked 
|  10|0x0000000082400000, 0x0000000082500000, 0x0000000082500000|100%| O|  |TAMS 0x0000000082500000, 0x0000000082400000| Untracked 
|  11|0x0000000082500000, 0x0000000082600000, 0x0000000082600000|100%| O|  |TAMS 0x0000000082600000, 0x0000000082500000| Untracked 
|  12|0x0000000082600000, 0x0000000082700000, 0x0000000082700000|100%| O|  |TAMS 0x0000000082700000, 0x0000000082600000| Untracked 
|  13|0x0000000082700000, 0x0000000082800000, 0x0000000082800000|100%| O|  |TAMS 0x0000000082800000, 0x0000000082700000| Untracked 
|  14|0x0000000082800000, 0x0000000082900000, 0x0000000082900000|100%| O|  |TAMS 0x0000000082800000, 0x0000000082800000| Untracked 
|  15|0x0000000082900000, 0x0000000082a00000, 0x0000000082a00000|100%| O|  |TAMS 0x0000000082a00000, 0x0000000082900000| Untracked 
|  16|0x0000000082a00000, 0x0000000082b00000, 0x0000000082b00000|100%| O|  |TAMS 0x0000000082b00000, 0x0000000082a00000| Untracked 
|  17|0x0000000082b00000, 0x0000000082c00000, 0x0000000082c00000|100%| O|  |TAMS 0x0000000082c00000, 0x0000000082b00000| Untracked 
|  18|0x0000000082c00000, 0x0000000082d00000, 0x0000000082d00000|100%| O|  |TAMS 0x0000000082d00000, 0x0000000082c00000| Untracked 
|  19|0x0000000082d00000, 0x0000000082e00000, 0x0000000082e00000|100%| O|  |TAMS 0x0000000082e00000, 0x0000000082d00000| Untracked 
|  20|0x0000000082e00000, 0x0000000082f00000, 0x0000000082f00000|100%| O|  |TAMS 0x0000000082f00000, 0x0000000082e00000| Untracked 
|  21|0x0000000082f00000, 0x0000000083000000, 0x0000000083000000|100%| O|  |TAMS 0x0000000083000000, 0x0000000082f00000| Untracked 
|  22|0x0000000083000000, 0x0000000083100000, 0x0000000083100000|100%| O|  |TAMS 0x0000000083100000, 0x0000000083000000| Untracked 
|  23|0x0000000083100000, 0x0000000083200000, 0x0000000083200000|100%| O|  |TAMS 0x0000000083200000, 0x0000000083100000| Untracked 
|  24|0x0000000083200000, 0x0000000083300000, 0x0000000083300000|100%| O|  |TAMS 0x0000000083200000, 0x0000000083200000| Untracked 
|  25|0x0000000083300000, 0x0000000083400000, 0x0000000083400000|100%| O|  |TAMS 0x0000000083400000, 0x0000000083300000| Untracked 
|  26|0x0000000083400000, 0x0000000083400000, 0x0000000083500000|  0%| F|  |TAMS 0x0000000083400000, 0x0000000083400000| Untracked 
|  27|0x0000000083500000, 0x0000000083600000, 0x0000000083600000|100%| O|  |TAMS 0x0000000083600000, 0x0000000083500000| Untracked 
|  28|0x0000000083600000, 0x0000000083700000, 0x0000000083700000|100%| O|  |TAMS 0x0000000083700000, 0x0000000083600000| Untracked 
|  29|0x0000000083700000, 0x0000000083800000, 0x0000000083800000|100%| O|  |TAMS 0x0000000083800000, 0x0000000083700000| Untracked 
|  30|0x0000000083800000, 0x0000000083900000, 0x0000000083900000|100%| O|  |TAMS 0x0000000083893800, 0x0000000083800000| Untracked 
|  31|0x0000000083900000, 0x0000000083a00000, 0x0000000083a00000|100%|HS|  |TAMS 0x0000000083900000, 0x0000000083900000| Complete 
|  32|0x0000000083a00000, 0x0000000083b00000, 0x0000000083b00000|100%| O|  |TAMS 0x0000000083a00000, 0x0000000083a00000| Untracked 
|  33|0x0000000083b00000, 0x0000000083c00000, 0x0000000083c00000|100%| O|  |TAMS 0x0000000083b00000, 0x0000000083b00000| Untracked 
|  34|0x0000000083c00000, 0x0000000083d00000, 0x0000000083d00000|100%| O|  |TAMS 0x0000000083c00000, 0x0000000083c00000| Untracked 
|  35|0x0000000083d00000, 0x0000000083e00000, 0x0000000083e00000|100%| O|  |TAMS 0x0000000083d00000, 0x0000000083d00000| Untracked 
|  36|0x0000000083e00000, 0x0000000083f00000, 0x0000000083f00000|100%| O|  |TAMS 0x0000000083e00000, 0x0000000083e00000| Untracked 
|  37|0x0000000083f00000, 0x0000000084000000, 0x0000000084000000|100%| O|  |TAMS 0x0000000083f00000, 0x0000000083f00000| Untracked 
|  38|0x0000000084000000, 0x0000000084100000, 0x0000000084100000|100%| O|  |TAMS 0x0000000084000000, 0x0000000084000000| Untracked 
|  39|0x0000000084100000, 0x0000000084200000, 0x0000000084200000|100%| O|  |TAMS 0x0000000084100000, 0x0000000084100000| Untracked 
|  40|0x0000000084200000, 0x0000000084300000, 0x0000000084300000|100%| O|  |TAMS 0x0000000084200000, 0x0000000084200000| Untracked 
|  41|0x0000000084300000, 0x0000000084400000, 0x0000000084400000|100%| O|  |TAMS 0x0000000084300000, 0x0000000084300000| Untracked 
|  42|0x0000000084400000, 0x0000000084500000, 0x0000000084500000|100%| O|  |TAMS 0x0000000084400000, 0x0000000084400000| Untracked 
|  43|0x0000000084500000, 0x0000000084600000, 0x0000000084600000|100%| O|  |TAMS 0x0000000084500000, 0x0000000084500000| Untracked 
|  44|0x0000000084600000, 0x0000000084700000, 0x0000000084700000|100%| O|  |TAMS 0x0000000084600000, 0x0000000084600000| Untracked 
|  45|0x0000000084700000, 0x000000008472be00, 0x0000000084800000| 17%| O|  |TAMS 0x0000000084700000, 0x0000000084700000| Untracked 
|  46|0x0000000084800000, 0x0000000084800000, 0x0000000084900000|  0%| F|  |TAMS 0x0000000084800000, 0x0000000084800000| Untracked 
|  47|0x0000000084900000, 0x0000000084900000, 0x0000000084a00000|  0%| F|  |TAMS 0x0000000084900000, 0x0000000084900000| Untracked 
|  48|0x0000000084a00000, 0x0000000084a00000, 0x0000000084b00000|  0%| F|  |TAMS 0x0000000084a00000, 0x0000000084a00000| Untracked 
|  49|0x0000000084b00000, 0x0000000084b00000, 0x0000000084c00000|  0%| F|  |TAMS 0x0000000084b00000, 0x0000000084b00000| Untracked 
|  50|0x0000000084c00000, 0x0000000084c00000, 0x0000000084d00000|  0%| F|  |TAMS 0x0000000084c00000, 0x0000000084c00000| Untracked 
|  51|0x0000000084d00000, 0x0000000084d00000, 0x0000000084e00000|  0%| F|  |TAMS 0x0000000084d00000, 0x0000000084d00000| Untracked 
|  52|0x0000000084e00000, 0x0000000084e00000, 0x0000000084f00000|  0%| F|  |TAMS 0x0000000084e00000, 0x0000000084e00000| Untracked 
|  53|0x0000000084f00000, 0x0000000084f00000, 0x0000000085000000|  0%| F|  |TAMS 0x0000000084f00000, 0x0000000084f00000| Untracked 
|  54|0x0000000085000000, 0x0000000085000000, 0x0000000085100000|  0%| F|  |TAMS 0x0000000085000000, 0x0000000085000000| Untracked 
|  55|0x0000000085100000, 0x0000000085100000, 0x0000000085200000|  0%| F|  |TAMS 0x0000000085100000, 0x0000000085100000| Untracked 
|  56|0x0000000085200000, 0x0000000085200000, 0x0000000085300000|  0%| F|  |TAMS 0x0000000085200000, 0x0000000085200000| Untracked 
|  57|0x0000000085300000, 0x0000000085300000, 0x0000000085400000|  0%| F|  |TAMS 0x0000000085300000, 0x0000000085300000| Untracked 
|  58|0x0000000085400000, 0x0000000085400000, 0x0000000085500000|  0%| F|  |TAMS 0x0000000085400000, 0x0000000085400000| Untracked 
|  59|0x0000000085500000, 0x0000000085500000, 0x0000000085600000|  0%| F|  |TAMS 0x0000000085500000, 0x0000000085500000| Untracked 
|  60|0x0000000085600000, 0x0000000085600000, 0x0000000085700000|  0%| F|  |TAMS 0x0000000085600000, 0x0000000085600000| Untracked 
|  61|0x0000000085700000, 0x0000000085700000, 0x0000000085800000|  0%| F|  |TAMS 0x0000000085700000, 0x0000000085700000| Untracked 
|  62|0x0000000085800000, 0x0000000085800000, 0x0000000085900000|  0%| F|  |TAMS 0x0000000085800000, 0x0000000085800000| Untracked 
|  63|0x0000000085900000, 0x0000000085900000, 0x0000000085a00000|  0%| F|  |TAMS 0x0000000085900000, 0x0000000085900000| Untracked 
|  64|0x0000000085a00000, 0x0000000085a00000, 0x0000000085b00000|  0%| F|  |TAMS 0x0000000085a00000, 0x0000000085a00000| Untracked 
|  65|0x0000000085b00000, 0x0000000085b00000, 0x0000000085c00000|  0%| F|  |TAMS 0x0000000085b00000, 0x0000000085b00000| Untracked 
|  66|0x0000000085c00000, 0x0000000085c00000, 0x0000000085d00000|  0%| F|  |TAMS 0x0000000085c00000, 0x0000000085c00000| Untracked 
|  67|0x0000000085d00000, 0x0000000085d00000, 0x0000000085e00000|  0%| F|  |TAMS 0x0000000085d00000, 0x0000000085d00000| Untracked 
|  68|0x0000000085e00000, 0x0000000085e00000, 0x0000000085f00000|  0%| F|  |TAMS 0x0000000085e00000, 0x0000000085e00000| Untracked 
|  69|0x0000000085f00000, 0x0000000085f00000, 0x0000000086000000|  0%| F|  |TAMS 0x0000000085f00000, 0x0000000085f00000| Untracked 
|  70|0x0000000086000000, 0x0000000086000000, 0x0000000086100000|  0%| F|  |TAMS 0x0000000086000000, 0x0000000086000000| Untracked 
|  71|0x0000000086100000, 0x0000000086100000, 0x0000000086200000|  0%| F|  |TAMS 0x0000000086100000, 0x0000000086100000| Untracked 
|  72|0x0000000086200000, 0x0000000086200000, 0x0000000086300000|  0%| F|  |TAMS 0x0000000086200000, 0x0000000086200000| Untracked 
|  73|0x0000000086300000, 0x0000000086300000, 0x0000000086400000|  0%| F|  |TAMS 0x0000000086300000, 0x0000000086300000| Untracked 
|  74|0x0000000086400000, 0x0000000086400000, 0x0000000086500000|  0%| F|  |TAMS 0x0000000086400000, 0x0000000086400000| Untracked 
|  75|0x0000000086500000, 0x0000000086500000, 0x0000000086600000|  0%| F|  |TAMS 0x0000000086500000, 0x0000000086500000| Untracked 
|  76|0x0000000086600000, 0x0000000086600000, 0x0000000086700000|  0%| F|  |TAMS 0x0000000086600000, 0x0000000086600000| Untracked 
|  77|0x0000000086700000, 0x0000000086700000, 0x0000000086800000|  0%| F|  |TAMS 0x0000000086700000, 0x0000000086700000| Untracked 
|  78|0x0000000086800000, 0x0000000086800000, 0x0000000086900000|  0%| F|  |TAMS 0x0000000086800000, 0x0000000086800000| Untracked 
|  79|0x0000000086900000, 0x0000000086900000, 0x0000000086a00000|  0%| F|  |TAMS 0x0000000086900000, 0x0000000086900000| Untracked 
|  80|0x0000000086a00000, 0x0000000086a00000, 0x0000000086b00000|  0%| F|  |TAMS 0x0000000086a00000, 0x0000000086a00000| Untracked 
|  81|0x0000000086b00000, 0x0000000086b00000, 0x0000000086c00000|  0%| F|  |TAMS 0x0000000086b00000, 0x0000000086b00000| Untracked 
|  82|0x0000000086c00000, 0x0000000086c00000, 0x0000000086d00000|  0%| F|  |TAMS 0x0000000086c00000, 0x0000000086c00000| Untracked 
|  83|0x0000000086d00000, 0x0000000086d00000, 0x0000000086e00000|  0%| F|  |TAMS 0x0000000086d00000, 0x0000000086d00000| Untracked 
|  84|0x0000000086e00000, 0x0000000086e00000, 0x0000000086f00000|  0%| F|  |TAMS 0x0000000086e00000, 0x0000000086e00000| Untracked 
|  85|0x0000000086f00000, 0x0000000086f00000, 0x0000000087000000|  0%| F|  |TAMS 0x0000000086f00000, 0x0000000086f00000| Untracked 
|  86|0x0000000087000000, 0x0000000087000000, 0x0000000087100000|  0%| F|  |TAMS 0x0000000087000000, 0x0000000087000000| Untracked 
|  87|0x0000000087100000, 0x0000000087200000, 0x0000000087200000|100%| S|CS|TAMS 0x0000000087100000, 0x0000000087100000| Complete 
|  88|0x0000000087200000, 0x0000000087300000, 0x0000000087300000|100%| S|CS|TAMS 0x0000000087200000, 0x0000000087200000| Complete 
|  89|0x0000000087300000, 0x0000000087400000, 0x0000000087400000|100%| S|CS|TAMS 0x0000000087300000, 0x0000000087300000| Complete 
|  90|0x0000000087400000, 0x0000000087500000, 0x0000000087500000|100%| S|CS|TAMS 0x0000000087400000, 0x0000000087400000| Complete 
|  91|0x0000000087500000, 0x0000000087600000, 0x0000000087600000|100%| S|CS|TAMS 0x0000000087500000, 0x0000000087500000| Complete 
|  92|0x0000000087600000, 0x0000000087700000, 0x0000000087700000|100%| S|CS|TAMS 0x0000000087600000, 0x0000000087600000| Complete 
|  93|0x0000000087700000, 0x0000000087800000, 0x0000000087800000|100%| S|CS|TAMS 0x0000000087700000, 0x0000000087700000| Complete 
|  94|0x0000000087800000, 0x0000000087900000, 0x0000000087900000|100%| S|CS|TAMS 0x0000000087800000, 0x0000000087800000| Complete 
|  95|0x0000000087900000, 0x0000000087900000, 0x0000000087a00000|  0%| F|  |TAMS 0x0000000087900000, 0x0000000087900000| Untracked 
|  96|0x0000000087a00000, 0x0000000087a00000, 0x0000000087b00000|  0%| F|  |TAMS 0x0000000087a00000, 0x0000000087a00000| Untracked 
|  97|0x0000000087b00000, 0x0000000087b00000, 0x0000000087c00000|  0%| F|  |TAMS 0x0000000087b00000, 0x0000000087b00000| Untracked 
|  98|0x0000000087c00000, 0x0000000087c00000, 0x0000000087d00000|  0%| F|  |TAMS 0x0000000087c00000, 0x0000000087c00000| Untracked 
|  99|0x0000000087d00000, 0x0000000087d00000, 0x0000000087e00000|  0%| F|  |TAMS 0x0000000087d00000, 0x0000000087d00000| Untracked 
| 100|0x0000000087e00000, 0x0000000087e00000, 0x0000000087f00000|  0%| F|  |TAMS 0x0000000087e00000, 0x0000000087e00000| Untracked 
| 101|0x0000000087f00000, 0x0000000087f00000, 0x0000000088000000|  0%| F|  |TAMS 0x0000000087f00000, 0x0000000087f00000| Untracked 
| 102|0x0000000088000000, 0x0000000088000000, 0x0000000088100000|  0%| F|  |TAMS 0x0000000088000000, 0x0000000088000000| Untracked 
| 103|0x0000000088100000, 0x0000000088100000, 0x0000000088200000|  0%| F|  |TAMS 0x0000000088100000, 0x0000000088100000| Untracked 
| 104|0x0000000088200000, 0x0000000088200000, 0x0000000088300000|  0%| F|  |TAMS 0x0000000088200000, 0x0000000088200000| Untracked 
| 105|0x0000000088300000, 0x0000000088300000, 0x0000000088400000|  0%| F|  |TAMS 0x0000000088300000, 0x0000000088300000| Untracked 
| 106|0x0000000088400000, 0x00000000884f9cd8, 0x0000000088500000| 97%| E|  |TAMS 0x0000000088400000, 0x0000000088400000| Complete 
| 107|0x0000000088500000, 0x0000000088600000, 0x0000000088600000|100%| E|CS|TAMS 0x0000000088500000, 0x0000000088500000| Complete 
| 108|0x0000000088600000, 0x0000000088700000, 0x0000000088700000|100%| E|CS|TAMS 0x0000000088600000, 0x0000000088600000| Complete 
| 109|0x0000000088700000, 0x0000000088800000, 0x0000000088800000|100%| E|CS|TAMS 0x0000000088700000, 0x0000000088700000| Complete 
| 110|0x0000000088800000, 0x0000000088900000, 0x0000000088900000|100%| E|CS|TAMS 0x0000000088800000, 0x0000000088800000| Complete 
| 111|0x0000000088900000, 0x0000000088a00000, 0x0000000088a00000|100%| E|CS|TAMS 0x0000000088900000, 0x0000000088900000| Complete 
| 112|0x0000000088a00000, 0x0000000088b00000, 0x0000000088b00000|100%| E|CS|TAMS 0x0000000088a00000, 0x0000000088a00000| Complete 
| 113|0x0000000088b00000, 0x0000000088c00000, 0x0000000088c00000|100%| E|CS|TAMS 0x0000000088b00000, 0x0000000088b00000| Complete 
| 114|0x0000000088c00000, 0x0000000088d00000, 0x0000000088d00000|100%| E|CS|TAMS 0x0000000088c00000, 0x0000000088c00000| Complete 
| 115|0x0000000088d00000, 0x0000000088e00000, 0x0000000088e00000|100%| E|CS|TAMS 0x0000000088d00000, 0x0000000088d00000| Complete 
| 116|0x0000000088e00000, 0x0000000088f00000, 0x0000000088f00000|100%| E|CS|TAMS 0x0000000088e00000, 0x0000000088e00000| Complete 
| 117|0x0000000088f00000, 0x0000000089000000, 0x0000000089000000|100%| E|CS|TAMS 0x0000000088f00000, 0x0000000088f00000| Complete 
| 118|0x0000000089000000, 0x0000000089100000, 0x0000000089100000|100%| E|CS|TAMS 0x0000000089000000, 0x0000000089000000| Complete 
| 119|0x0000000089100000, 0x0000000089200000, 0x0000000089200000|100%| E|CS|TAMS 0x0000000089100000, 0x0000000089100000| Complete 
| 120|0x0000000089200000, 0x0000000089300000, 0x0000000089300000|100%| E|  |TAMS 0x0000000089200000, 0x0000000089200000| Complete 
| 121|0x0000000089300000, 0x0000000089400000, 0x0000000089400000|100%| E|CS|TAMS 0x0000000089300000, 0x0000000089300000| Complete 
| 122|0x0000000089400000, 0x0000000089500000, 0x0000000089500000|100%| E|CS|TAMS 0x0000000089400000, 0x0000000089400000| Complete 
| 123|0x0000000089500000, 0x0000000089600000, 0x0000000089600000|100%| E|CS|TAMS 0x0000000089500000, 0x0000000089500000| Complete 
| 124|0x0000000089600000, 0x0000000089700000, 0x0000000089700000|100%| E|CS|TAMS 0x0000000089600000, 0x0000000089600000| Complete 
| 125|0x0000000089700000, 0x0000000089800000, 0x0000000089800000|100%| E|CS|TAMS 0x0000000089700000, 0x0000000089700000| Complete 
| 126|0x0000000089800000, 0x0000000089900000, 0x0000000089900000|100%| E|CS|TAMS 0x0000000089800000, 0x0000000089800000| Complete 
| 127|0x0000000089900000, 0x0000000089a00000, 0x0000000089a00000|100%| E|CS|TAMS 0x0000000089900000, 0x0000000089900000| Complete 
| 128|0x0000000089a00000, 0x0000000089b00000, 0x0000000089b00000|100%| E|CS|TAMS 0x0000000089a00000, 0x0000000089a00000| Complete 
| 129|0x0000000089b00000, 0x0000000089c00000, 0x0000000089c00000|100%| E|CS|TAMS 0x0000000089b00000, 0x0000000089b00000| Complete 
| 130|0x0000000089c00000, 0x0000000089d00000, 0x0000000089d00000|100%| E|CS|TAMS 0x0000000089c00000, 0x0000000089c00000| Complete 
| 131|0x0000000089d00000, 0x0000000089e00000, 0x0000000089e00000|100%| E|CS|TAMS 0x0000000089d00000, 0x0000000089d00000| Complete 
| 132|0x0000000089e00000, 0x0000000089f00000, 0x0000000089f00000|100%| E|CS|TAMS 0x0000000089e00000, 0x0000000089e00000| Complete 
| 133|0x0000000089f00000, 0x000000008a000000, 0x000000008a000000|100%| E|CS|TAMS 0x0000000089f00000, 0x0000000089f00000| Complete 
| 134|0x000000008a000000, 0x000000008a100000, 0x000000008a100000|100%| E|CS|TAMS 0x000000008a000000, 0x000000008a000000| Complete 
| 135|0x000000008a100000, 0x000000008a200000, 0x000000008a200000|100%| E|CS|TAMS 0x000000008a100000, 0x000000008a100000| Complete 
| 136|0x000000008a200000, 0x000000008a300000, 0x000000008a300000|100%| E|CS|TAMS 0x000000008a200000, 0x000000008a200000| Complete 
| 137|0x000000008a300000, 0x000000008a400000, 0x000000008a400000|100%| E|CS|TAMS 0x000000008a300000, 0x000000008a300000| Complete 
| 138|0x000000008a400000, 0x000000008a500000, 0x000000008a500000|100%| E|CS|TAMS 0x000000008a400000, 0x000000008a400000| Complete 
| 139|0x000000008a500000, 0x000000008a600000, 0x000000008a600000|100%| E|CS|TAMS 0x000000008a500000, 0x000000008a500000| Complete 
| 140|0x000000008a600000, 0x000000008a700000, 0x000000008a700000|100%| E|CS|TAMS 0x000000008a600000, 0x000000008a600000| Complete 
| 141|0x000000008a700000, 0x000000008a800000, 0x000000008a800000|100%| E|CS|TAMS 0x000000008a700000, 0x000000008a700000| Complete 
| 142|0x000000008a800000, 0x000000008a900000, 0x000000008a900000|100%| E|CS|TAMS 0x000000008a800000, 0x000000008a800000| Complete 
| 143|0x000000008a900000, 0x000000008aa00000, 0x000000008aa00000|100%| E|CS|TAMS 0x000000008a900000, 0x000000008a900000| Complete 
| 144|0x000000008aa00000, 0x000000008ab00000, 0x000000008ab00000|100%| E|CS|TAMS 0x000000008aa00000, 0x000000008aa00000| Complete 
| 145|0x000000008ab00000, 0x000000008ac00000, 0x000000008ac00000|100%| E|CS|TAMS 0x000000008ab00000, 0x000000008ab00000| Complete 
| 146|0x000000008ac00000, 0x000000008ad00000, 0x000000008ad00000|100%| E|CS|TAMS 0x000000008ac00000, 0x000000008ac00000| Complete 
| 147|0x000000008ad00000, 0x000000008ae00000, 0x000000008ae00000|100%| E|CS|TAMS 0x000000008ad00000, 0x000000008ad00000| Complete 
| 148|0x000000008ae00000, 0x000000008af00000, 0x000000008af00000|100%| E|CS|TAMS 0x000000008ae00000, 0x000000008ae00000| Complete 
| 149|0x000000008af00000, 0x000000008b000000, 0x000000008b000000|100%| E|CS|TAMS 0x000000008af00000, 0x000000008af00000| Complete 
| 150|0x000000008b000000, 0x000000008b100000, 0x000000008b100000|100%| E|CS|TAMS 0x000000008b000000, 0x000000008b000000| Complete 
| 151|0x000000008b100000, 0x000000008b200000, 0x000000008b200000|100%| E|CS|TAMS 0x000000008b100000, 0x000000008b100000| Complete 

Card table byte_map: [0x000001d5f80d0000,0x000001d5f84d0000] _byte_map_base: 0x000001d5f7cc3000

Marking Bits (Prev, Next): (CMBitMap*) 0x000001d5dee6c1c0, (CMBitMap*) 0x000001d5dee6c200
 Prev Bits: [0x000001d5f88d0000, 0x000001d5fa868000)
 Next Bits: [0x000001d5fa870000, 0x000001d5fc808000)

Polling page: 0x000001d5ded40000

Metaspace:

Usage:
  Non-class:     56.04 MB used.
      Class:      8.19 MB used.
       Both:     64.23 MB used.

Virtual space:
  Non-class space:       64.00 MB reserved,      56.38 MB ( 88%) committed,  1 nodes.
      Class space:        1.00 GB reserved,       8.44 MB ( <1%) committed,  1 nodes.
             Both:        1.06 GB reserved,      64.81 MB (  6%) committed. 

Chunk freelists:
   Non-Class:  3.61 MB
       Class:  3.39 MB
        Both:  7.00 MB

MaxMetaspaceSize: unlimited
CompressedClassSpaceSize: 1.00 GB
Initial GC threshold: 21.00 MB
Current GC threshold: 96.50 MB
CDS: on
MetaspaceReclaimPolicy: balanced
 - commit_granule_bytes: 65536.
 - commit_granule_words: 8192.
 - virtual_space_node_default_size: 8388608.
 - enlarge_chunks_in_place: 1.
 - new_chunks_are_fully_committed: 0.
 - uncommit_free_chunks: 1.
 - use_allocation_guard: 0.


Internal statistics:

num_allocs_failed_limit: 6.
num_arena_births: 802.
num_arena_deaths: 0.
num_vsnodes_births: 2.
num_vsnodes_deaths: 0.
num_space_committed: 1037.
num_space_uncommitted: 0.
num_chunks_returned_to_freelist: 6.
num_chunks_taken_from_freelist: 3026.
num_chunk_merges: 6.
num_chunk_splits: 2188.
num_chunks_enlarged: 1792.
num_inconsistent_stats: 0.

CodeHeap 'non-profiled nmethods': size=120000Kb used=4092Kb max_used=4092Kb free=115907Kb
 bounds [0x000001d5f0180000, 0x000001d5f0580000, 0x000001d5f76b0000]
CodeHeap 'profiled nmethods': size=120000Kb used=14414Kb max_used=14414Kb free=105585Kb
 bounds [0x000001d5e86b0000, 0x000001d5e94d0000, 0x000001d5efbe0000]
CodeHeap 'non-nmethods': size=5760Kb used=1451Kb max_used=1487Kb free=4308Kb
 bounds [0x000001d5efbe0000, 0x000001d5efe50000, 0x000001d5f0180000]
 total_blobs=7173 nmethods=6468 adapters=615
 compilation: enabled
              stopped_count=0, restarted_count=0
 full_count=0

Compilation events (20 events):
Event: 3872.534 Thread 0x000001d5fee5b310 7292       3       org.apache.catalina.webresources.Cache::backgroundProcess (120 bytes)
Event: 3872.535 Thread 0x000001d5fee59990 nmethod 7294 0x000001d5f0577b10 code [0x000001d5f0577ca0, 0x000001d5f0577df8]
Event: 3872.536 Thread 0x000001d5fee5b310 nmethod 7292 0x000001d5e94c3b90 code [0x000001d5e94c3ea0, 0x000001d5e94c52e8]
Event: 3872.536 Thread 0x000001d5fee5b310 7293       3       org.apache.tomcat.util.collections.ManagedConcurrentWeakHashMap::maintain (44 bytes)
Event: 3872.537 Thread 0x000001d5fee5b310 nmethod 7293 0x000001d5e94c5990 code [0x000001d5e94c5b80, 0x000001d5e94c6118]
Event: 3892.784 Thread 0x000001d5fee59990 7295       4       java.util.HashMap::valuesToArray (81 bytes)
Event: 3892.796 Thread 0x000001d5fee59990 nmethod 7295 0x000001d5f0577f10 code [0x000001d5f05780a0, 0x000001d5f0578638]
Event: 3946.895 Thread 0x000001d5fee59990 7296       4       java.util.concurrent.ThreadPoolExecutor$Worker::tryAcquire (20 bytes)
Event: 3946.897 Thread 0x000001d5fee59990 nmethod 7296 0x000001d5f0578810 code [0x000001d5f05789a0, 0x000001d5f0578b18]
Event: 4017.986 Thread 0x000001d5fee59990 7297   !   4       java.util.concurrent.ThreadPoolExecutor::getTask (177 bytes)
Event: 4018.063 Thread 0x000001d5fee59990 nmethod 7297 0x000001d5f0578b90 code [0x000001d5f0578f60, 0x000001d5f057bc90]
Event: 4026.028 Thread 0x000001d5fee59990 7298       4       java.util.concurrent.ThreadPoolExecutor$Worker::lock (6 bytes)
Event: 4026.032 Thread 0x000001d5fee59990 nmethod 7298 0x000001d5f057d910 code [0x000001d5f057daa0, 0x000001d5f057dc18]
Event: 4103.632 Thread 0x000001d5fee59990 7299       4       java.util.concurrent.locks.AbstractQueuedSynchronizer::acquireShared (20 bytes)
Event: 4103.635 Thread 0x000001d5fee59990 nmethod 7299 0x000001d5f057dd10 code [0x000001d5f057dea0, 0x000001d5f057e118]
Event: 4174.038 Thread 0x000001d5fee59990 7300       4       java.util.concurrent.ThreadPoolExecutor::ensurePrestart (41 bytes)
Event: 4174.039 Thread 0x000001d5fee59990 nmethod 7300 0x000001d5f057e310 code [0x000001d5f057e4a0, 0x000001d5f057e578]
Event: 4176.036 Thread 0x000001d5fee59990 7301       4       java.util.concurrent.ScheduledThreadPoolExecutor$DelayedWorkQueue::siftUp (64 bytes)
Event: 4176.050 Thread 0x000001d5fee59990 nmethod 7301 0x000001d5f057e690 code [0x000001d5f057e840, 0x000001d5f057ee18]
Event: 4179.892 Thread 0x000001d5fee59990 7302       4       java.util.concurrent.ScheduledThreadPoolExecutor$DelayedWorkQueue::add (9 bytes)

GC Heap History (20 events):
Event: 9.715 GC heap before
{Heap before GC invocations=14 (full 0):
 garbage-first heap   total 48128K, used 36508K [0x0000000081a00000, 0x0000000100000000)
  region size 1024K, 17 young (17408K), 2 survivors (2048K)
 Metaspace       used 54527K, committed 54912K, reserved 1114112K
  class space    used 7061K, committed 7232K, reserved 1048576K
}
Event: 9.720 GC heap after
{Heap after GC invocations=15 (full 0):
 garbage-first heap   total 48128K, used 23408K [0x0000000081a00000, 0x0000000100000000)
  region size 1024K, 3 young (3072K), 3 survivors (3072K)
 Metaspace       used 54527K, committed 54912K, reserved 1114112K
  class space    used 7061K, committed 7232K, reserved 1048576K
}
Event: 10.240 GC heap before
{Heap before GC invocations=15 (full 0):
 garbage-first heap   total 48128K, used 36720K [0x0000000081a00000, 0x0000000100000000)
  region size 1024K, 16 young (16384K), 3 survivors (3072K)
 Metaspace       used 56164K, committed 56640K, reserved 1114112K
  class space    used 7264K, committed 7488K, reserved 1048576K
}
Event: 10.247 GC heap after
{Heap after GC invocations=16 (full 0):
 garbage-first heap   total 48128K, used 24762K [0x0000000081a00000, 0x0000000100000000)
  region size 1024K, 2 young (2048K), 2 survivors (2048K)
 Metaspace       used 56164K, committed 56640K, reserved 1114112K
  class space    used 7264K, committed 7488K, reserved 1048576K
}
Event: 11.020 GC heap before
{Heap before GC invocations=16 (full 0):
 garbage-first heap   total 48128K, used 38074K [0x0000000081a00000, 0x0000000100000000)
  region size 1024K, 15 young (15360K), 2 survivors (2048K)
 Metaspace       used 58587K, committed 59008K, reserved 1114112K
  class space    used 7552K, committed 7744K, reserved 1048576K
}
Event: 11.025 GC heap after
{Heap after GC invocations=17 (full 0):
 garbage-first heap   total 48128K, used 26306K [0x0000000081a00000, 0x0000000100000000)
  region size 1024K, 2 young (2048K), 2 survivors (2048K)
 Metaspace       used 58587K, committed 59008K, reserved 1114112K
  class space    used 7552K, committed 7744K, reserved 1048576K
}
Event: 11.171 GC heap before
{Heap before GC invocations=18 (full 0):
 garbage-first heap   total 50176K, used 39618K [0x0000000081a00000, 0x0000000100000000)
  region size 1024K, 14 young (14336K), 2 survivors (2048K)
 Metaspace       used 58838K, committed 59328K, reserved 1114112K
  class space    used 7576K, committed 7808K, reserved 1048576K
}
Event: 11.176 GC heap after
{Heap after GC invocations=19 (full 0):
 garbage-first heap   total 50176K, used 30294K [0x0000000081a00000, 0x0000000100000000)
  region size 1024K, 2 young (2048K), 2 survivors (2048K)
 Metaspace       used 58838K, committed 59328K, reserved 1114112K
  class space    used 7576K, committed 7808K, reserved 1048576K
}
Event: 11.179 GC heap before
{Heap before GC invocations=19 (full 0):
 garbage-first heap   total 50176K, used 31318K [0x0000000081a00000, 0x0000000100000000)
  region size 1024K, 3 young (3072K), 2 survivors (2048K)
 Metaspace       used 58838K, committed 59328K, reserved 1114112K
  class space    used 7576K, committed 7808K, reserved 1048576K
}
Event: 11.182 GC heap after
{Heap after GC invocations=20 (full 0):
 garbage-first heap   total 50176K, used 30850K [0x0000000081a00000, 0x0000000100000000)
  region size 1024K, 1 young (1024K), 1 survivors (1024K)
 Metaspace       used 58838K, committed 59328K, reserved 1114112K
  class space    used 7576K, committed 7808K, reserved 1048576K
}
Event: 11.266 GC heap before
{Heap before GC invocations=20 (full 0):
 garbage-first heap   total 50176K, used 38018K [0x0000000081a00000, 0x0000000100000000)
  region size 1024K, 9 young (9216K), 1 survivors (1024K)
 Metaspace       used 58847K, committed 59328K, reserved 1114112K
  class space    used 7576K, committed 7808K, reserved 1048576K
}
Event: 11.268 GC heap after
{Heap after GC invocations=21 (full 0):
 garbage-first heap   total 50176K, used 32269K [0x0000000081a00000, 0x0000000100000000)
  region size 1024K, 2 young (2048K), 2 survivors (2048K)
 Metaspace       used 58847K, committed 59328K, reserved 1114112K
  class space    used 7576K, committed 7808K, reserved 1048576K
}
Event: 11.380 GC heap before
{Heap before GC invocations=21 (full 0):
 garbage-first heap   total 63488K, used 38413K [0x0000000081a00000, 0x0000000100000000)
  region size 1024K, 9 young (9216K), 2 survivors (2048K)
 Metaspace       used 58855K, committed 59328K, reserved 1114112K
  class space    used 7579K, committed 7808K, reserved 1048576K
}
Event: 11.384 GC heap after
{Heap after GC invocations=22 (full 0):
 garbage-first heap   total 63488K, used 32765K [0x0000000081a00000, 0x0000000100000000)
  region size 1024K, 2 young (2048K), 2 survivors (2048K)
 Metaspace       used 58855K, committed 59328K, reserved 1114112K
  class space    used 7579K, committed 7808K, reserved 1048576K
}
Event: 11.776 GC heap before
{Heap before GC invocations=23 (full 0):
 garbage-first heap   total 63488K, used 48125K [0x0000000081a00000, 0x0000000100000000)
  region size 1024K, 17 young (17408K), 2 survivors (2048K)
 Metaspace       used 58918K, committed 59392K, reserved 1114112K
  class space    used 7588K, committed 7808K, reserved 1048576K
}
Event: 11.783 GC heap after
{Heap after GC invocations=24 (full 0):
 garbage-first heap   total 63488K, used 38912K [0x0000000081a00000, 0x0000000100000000)
  region size 1024K, 3 young (3072K), 3 survivors (3072K)
 Metaspace       used 58918K, committed 59392K, reserved 1114112K
  class space    used 7588K, committed 7808K, reserved 1048576K
}
Event: 11.793 GC heap before
{Heap before GC invocations=24 (full 0):
 garbage-first heap   total 63488K, used 39936K [0x0000000081a00000, 0x0000000100000000)
  region size 1024K, 4 young (4096K), 3 survivors (3072K)
 Metaspace       used 58918K, committed 59392K, reserved 1114112K
  class space    used 7588K, committed 7808K, reserved 1048576K
}
Event: 11.799 GC heap after
{Heap after GC invocations=25 (full 0):
 garbage-first heap   total 155648K, used 39472K [0x0000000081a00000, 0x0000000100000000)
  region size 1024K, 1 young (1024K), 1 survivors (1024K)
 Metaspace       used 58918K, committed 59392K, reserved 1114112K
  class space    used 7588K, committed 7808K, reserved 1048576K
}
Event: 12.477 GC heap before
{Heap before GC invocations=25 (full 0):
 garbage-first heap   total 155648K, used 97840K [0x0000000081a00000, 0x0000000100000000)
  region size 1024K, 58 young (59392K), 1 survivors (1024K)
 Metaspace       used 59018K, committed 59456K, reserved 1114112K
  class space    used 7593K, committed 7808K, reserved 1048576K
}
Event: 12.492 GC heap after
{Heap after GC invocations=26 (full 0):
 garbage-first heap   total 155648K, used 53423K [0x0000000081a00000, 0x0000000100000000)
  region size 1024K, 8 young (8192K), 8 survivors (8192K)
 Metaspace       used 59018K, committed 59456K, reserved 1114112K
  class space    used 7593K, committed 7808K, reserved 1048576K
}

Dll operation events (14 events):
Event: 0.008 Loaded shared library C:\Program Files\Java\jdk-19\bin\java.dll
Event: 0.019 Loaded shared library C:\Program Files\Java\jdk-19\bin\jsvml.dll
Event: 0.189 Loaded shared library C:\Program Files\Java\jdk-19\bin\zip.dll
Event: 0.193 Loaded shared library C:\Program Files\Java\jdk-19\bin\instrument.dll
Event: 0.201 Loaded shared library C:\Program Files\Java\jdk-19\bin\net.dll
Event: 0.202 Loaded shared library C:\Program Files\Java\jdk-19\bin\nio.dll
Event: 0.206 Loaded shared library C:\Program Files\Java\jdk-19\bin\zip.dll
Event: 0.353 Loaded shared library C:\Program Files\JetBrains\IntelliJ IDEA Community Edition 2023.1.1\bin\breakgen64.dll
Event: 0.393 Loaded shared library C:\Program Files\Java\jdk-19\bin\verify.dll
Event: 0.395 Loaded shared library C:\Program Files\Java\jdk-19\bin\extnet.dll
Event: 0.400 Loaded shared library C:\Program Files\Java\jdk-19\bin\jimage.dll
Event: 1.424 Loaded shared library C:\Program Files\Java\jdk-19\bin\management.dll
Event: 1.427 Loaded shared library C:\Program Files\Java\jdk-19\bin\management_ext.dll
Event: 7.272 Loaded shared library C:\Program Files\Java\jdk-19\bin\sunmscapi.dll

Deoptimization events (20 events):
Event: 3620.318 Thread 0x000001d58676a750 Uncommon trap: trap_request=0xffffffbe fr.pc=0x000001d5f057587c relative=0x00000000000002dc
Event: 3620.318 Thread 0x000001d58676a750 Uncommon trap: reason=profile_predicate action=maybe_recompile pc=0x000001d5f057587c method=java.util.HashMap.valuesToArray([Ljava/lang/Object;)[Ljava/lang/Object; @ 48 c2
Event: 3620.318 Thread 0x000001d58676a750 DEOPT PACKING pc=0x000001d5f057587c sp=0x00000026d03fea20
Event: 3620.318 Thread 0x000001d58676a750 DEOPT UNPACKING pc=0x000001d5efc46da3 sp=0x00000026d03fe9c8 mode 2
Event: 3701.185 Thread 0x000001d586769cb0 Uncommon trap: trap_request=0xffffffd6 fr.pc=0x000001d5f057627c relative=0x00000000000005dc
Event: 3701.185 Thread 0x000001d586769cb0 Uncommon trap: reason=array_check action=maybe_recompile pc=0x000001d5f057627c method=java.util.HashMap.valuesToArray([Ljava/lang/Object;)[Ljava/lang/Object; @ 62 c2
Event: 3701.186 Thread 0x000001d586769cb0 DEOPT PACKING pc=0x000001d5f057627c sp=0x00000026cfbfebc0
Event: 3701.186 Thread 0x000001d586769cb0 DEOPT UNPACKING pc=0x000001d5efc46da3 sp=0x00000026cfbfeb58 mode 2
Event: 3701.186 Thread 0x000001d586769cb0 Uncommon trap: trap_request=0xffffffd6 fr.pc=0x000001d5f057627c relative=0x00000000000005dc
Event: 3701.186 Thread 0x000001d586769cb0 Uncommon trap: reason=array_check action=maybe_recompile pc=0x000001d5f057627c method=java.util.HashMap.valuesToArray([Ljava/lang/Object;)[Ljava/lang/Object; @ 62 c2
Event: 3701.186 Thread 0x000001d586769cb0 DEOPT PACKING pc=0x000001d5f057627c sp=0x00000026cfbfeb00
Event: 3701.186 Thread 0x000001d586769cb0 DEOPT UNPACKING pc=0x000001d5efc46da3 sp=0x00000026cfbfea98 mode 2
Event: 3701.186 Thread 0x000001d586769cb0 Uncommon trap: trap_request=0xffffffd6 fr.pc=0x000001d5f057627c relative=0x00000000000005dc
Event: 3701.186 Thread 0x000001d586769cb0 Uncommon trap: reason=array_check action=maybe_recompile pc=0x000001d5f057627c method=java.util.HashMap.valuesToArray([Ljava/lang/Object;)[Ljava/lang/Object; @ 62 c2
Event: 3701.186 Thread 0x000001d586769cb0 DEOPT PACKING pc=0x000001d5f057627c sp=0x00000026cfbfea40
Event: 3701.186 Thread 0x000001d586769cb0 DEOPT UNPACKING pc=0x000001d5efc46da3 sp=0x00000026cfbfe9d8 mode 2
Event: 3711.317 Thread 0x000001d586769cb0 Uncommon trap: trap_request=0xffffffd6 fr.pc=0x000001d5f057627c relative=0x00000000000005dc
Event: 3711.317 Thread 0x000001d586769cb0 Uncommon trap: reason=array_check action=maybe_recompile pc=0x000001d5f057627c method=java.util.HashMap.valuesToArray([Ljava/lang/Object;)[Ljava/lang/Object; @ 62 c2
Event: 3711.317 Thread 0x000001d586769cb0 DEOPT PACKING pc=0x000001d5f057627c sp=0x00000026cfbfebc0
Event: 3711.317 Thread 0x000001d586769cb0 DEOPT UNPACKING pc=0x000001d5efc46da3 sp=0x00000026cfbfeb58 mode 2

Classes loaded (20 events):
Event: 19.861 Loading class java/util/stream/ReduceOps$4
Event: 19.861 Loading class java/util/stream/ReduceOps$4 done
Event: 19.861 Loading class java/util/stream/ReduceOps$4ReducingSink
Event: 19.861 Loading class java/util/stream/ReduceOps$4ReducingSink done
Event: 19.908 Loading class org/w3c/dom/Document
Event: 19.908 Loading class org/w3c/dom/Document done
Event: 20.020 Loading class java/util/TreeMap$KeySpliterator
Event: 20.020 Loading class java/util/TreeMap$KeySpliterator done
Event: 20.034 Loading class java/time/Instant$1
Event: 20.034 Loading class java/time/Instant$1 done
Event: 33.311 Loading class jdk/internal/reflect/MethodHandleDoubleFieldAccessorImpl
Event: 33.312 Loading class jdk/internal/reflect/MethodHandleDoubleFieldAccessorImpl done
Event: 1763.990 Loading class sun/security/ssl/Alert
Event: 1763.991 Loading class sun/security/ssl/Alert done
Event: 1763.992 Loading class sun/security/ssl/Alert$AlertConsumer
Event: 1763.992 Loading class sun/security/ssl/Alert$AlertConsumer done
Event: 1763.992 Loading class sun/security/ssl/Alert$Level
Event: 1763.992 Loading class sun/security/ssl/Alert$Level done
Event: 1763.994 Loading class sun/net/ConnectionResetException
Event: 1763.994 Loading class sun/net/ConnectionResetException done

Classes unloaded (0 events):
No events

Classes redefined (0 events):
No events

Internal exceptions (20 events):
Event: 1801.345 Thread 0x000001d586e774b0 Exception <a 'java/io/IOException'{0x0000000088a9f8c0}> (0x0000000088a9f8c0) 
thrown [s\open\src\hotspot\share\prims\jni.cpp, line 517]
Event: 1801.345 Thread 0x000001d586e774b0 Exception <a 'java/io/IOException'{0x0000000088aa0418}> (0x0000000088aa0418) 
thrown [s\open\src\hotspot\share\prims\jni.cpp, line 517]
Event: 3533.433 Thread 0x000001d586e774b0 Exception <a 'java/io/IOException'{0x00000000889d4b40}> (0x00000000889d4b40) 
thrown [s\open\src\hotspot\share\prims\jni.cpp, line 517]
Event: 3533.434 Thread 0x000001d586e774b0 Exception <a 'java/io/IOException'{0x00000000889d5698}> (0x00000000889d5698) 
thrown [s\open\src\hotspot\share\prims\jni.cpp, line 517]
Event: 3548.241 Thread 0x000001d586e774b0 Exception <a 'java/io/IOException'{0x00000000888616c8}> (0x00000000888616c8) 
thrown [s\open\src\hotspot\share\prims\jni.cpp, line 517]
Event: 3548.241 Thread 0x000001d586e774b0 Exception <a 'java/io/IOException'{0x0000000088862220}> (0x0000000088862220) 
thrown [s\open\src\hotspot\share\prims\jni.cpp, line 517]
Event: 3550.155 Thread 0x000001d586e774b0 Exception <a 'java/io/IOException'{0x0000000088864078}> (0x0000000088864078) 
thrown [s\open\src\hotspot\share\prims\jni.cpp, line 517]
Event: 3550.156 Thread 0x000001d586e774b0 Exception <a 'java/io/IOException'{0x0000000088864bd0}> (0x0000000088864bd0) 
thrown [s\open\src\hotspot\share\prims\jni.cpp, line 517]
Event: 3555.759 Thread 0x000001d586e7cf00 Exception <a 'java/net/SocketException'{0x000000008875e3f0}: Connection reset by peer: shutdown> (0x000000008875e3f0) 
thrown [s\open\src\hotspot\share\prims\jni.cpp, line 536]
Event: 3565.073 Thread 0x000001d586e774b0 Exception <a 'java/io/IOException'{0x00000000887f7b48}> (0x00000000887f7b48) 
thrown [s\open\src\hotspot\share\prims\jni.cpp, line 517]
Event: 3565.073 Thread 0x000001d586e774b0 Exception <a 'java/io/IOException'{0x00000000887f86a0}> (0x00000000887f86a0) 
thrown [s\open\src\hotspot\share\prims\jni.cpp, line 517]
Event: 3572.977 Thread 0x000001d586e79490 Exception <a 'java/io/IOException'{0x000000008867cb48}> (0x000000008867cb48) 
thrown [s\open\src\hotspot\share\prims\jni.cpp, line 517]
Event: 3572.977 Thread 0x000001d586e79490 Exception <a 'java/io/IOException'{0x000000008867d6a0}> (0x000000008867d6a0) 
thrown [s\open\src\hotspot\share\prims\jni.cpp, line 517]
Event: 3575.237 Thread 0x000001d586e79490 Exception <a 'java/io/IOException'{0x000000008867f4f8}> (0x000000008867f4f8) 
thrown [s\open\src\hotspot\share\prims\jni.cpp, line 517]
Event: 3575.237 Thread 0x000001d586e79490 Exception <a 'java/io/IOException'{0x0000000088680050}> (0x0000000088680050) 
thrown [s\open\src\hotspot\share\prims\jni.cpp, line 517]
Event: 3578.864 Thread 0x000001d586e79490 Exception <a 'java/io/IOException'{0x0000000088681ea8}> (0x0000000088681ea8) 
thrown [s\open\src\hotspot\share\prims\jni.cpp, line 517]
Event: 3578.864 Thread 0x000001d586e79490 Exception <a 'java/io/IOException'{0x0000000088682a00}> (0x0000000088682a00) 
thrown [s\open\src\hotspot\share\prims\jni.cpp, line 517]
Event: 3580.816 Thread 0x000001d586e79490 Exception <a 'java/io/IOException'{0x0000000088684d88}> (0x0000000088684d88) 
thrown [s\open\src\hotspot\share\prims\jni.cpp, line 517]
Event: 3592.600 Thread 0x000001d586e774b0 Exception <a 'java/io/IOException'{0x00000000884209e8}> (0x00000000884209e8) 
thrown [s\open\src\hotspot\share\prims\jni.cpp, line 517]
Event: 3592.601 Thread 0x000001d586e774b0 Exception <a 'java/io/IOException'{0x0000000088421540}> (0x0000000088421540) 
thrown [s\open\src\hotspot\share\prims\jni.cpp, line 517]

VM Operations (20 events):
Event: 3570.381 Executing VM operation: Cleanup
Event: 3570.381 Executing VM operation: Cleanup done
Event: 3573.398 Executing VM operation: Cleanup
Event: 3573.398 Executing VM operation: Cleanup done
Event: 3575.408 Executing VM operation: Cleanup
Event: 3575.408 Executing VM operation: Cleanup done
Event: 3581.477 Executing VM operation: Cleanup
Event: 3581.477 Executing VM operation: Cleanup done
Event: 3593.551 Executing VM operation: Cleanup
Event: 3593.551 Executing VM operation: Cleanup done
Event: 3620.795 Executing VM operation: Cleanup
Event: 3620.795 Executing VM operation: Cleanup done
Event: 3647.045 Executing VM operation: Cleanup
Event: 3647.045 Executing VM operation: Cleanup done
Event: 3701.431 Executing VM operation: Cleanup
Event: 3701.431 Executing VM operation: Cleanup done
Event: 3711.502 Executing VM operation: Cleanup
Event: 3711.502 Executing VM operation: Cleanup done
Event: 3903.253 Executing VM operation: Cleanup
Event: 3903.253 Executing VM operation: Cleanup done

Events (20 events):
Event: 3548.222 Thread 0x000001d586e774b0 Thread added: 0x000001d586e774b0
Event: 3548.223 Thread 0x000001d586e79490 Thread added: 0x000001d586e79490
Event: 3555.161 Thread 0x000001d586e774b0 Thread exited: 0x000001d586e774b0
Event: 3555.191 Thread 0x000001d586e79490 Thread exited: 0x000001d586e79490
Event: 3555.719 Thread 0x000001d586e7cf00 Thread added: 0x000001d586e7cf00
Event: 3555.719 Thread 0x000001d586e774b0 Thread added: 0x000001d586e774b0
Event: 3560.766 Thread 0x000001d586e7cf00 Thread exited: 0x000001d586e7cf00
Event: 3560.797 Thread 0x000001d586e774b0 Thread exited: 0x000001d586e774b0
Event: 3565.072 Thread 0x000001d586e774b0 Thread added: 0x000001d586e774b0
Event: 3565.072 Thread 0x000001d586e79490 Thread added: 0x000001d586e79490
Event: 3570.098 Thread 0x000001d586e774b0 Thread exited: 0x000001d586e774b0
Event: 3570.111 Thread 0x000001d586e79490 Thread exited: 0x000001d586e79490
Event: 3572.945 Thread 0x000001d586e79490 Thread added: 0x000001d586e79490
Event: 3572.945 Thread 0x000001d586e774b0 Thread added: 0x000001d586e774b0
Event: 3585.827 Thread 0x000001d586e79490 Thread exited: 0x000001d586e79490
Event: 3585.843 Thread 0x000001d586e774b0 Thread exited: 0x000001d586e774b0
Event: 3592.566 Thread 0x000001d586e774b0 Thread added: 0x000001d586e774b0
Event: 3592.566 Thread 0x000001d586e7b470 Thread added: 0x000001d586e7b470
Event: 3597.611 Thread 0x000001d586e774b0 Thread exited: 0x000001d586e774b0
Event: 3597.626 Thread 0x000001d586e7b470 Thread exited: 0x000001d586e7b470


Dynamic libraries:
0x00007ff6d2a20000 - 0x00007ff6d2a30000 	C:\Program Files\Java\jdk-19\bin\java.exe
0x00007ffd3b150000 - 0x00007ffd3b348000 	C:\WINDOWS\SYSTEM32\ntdll.dll
0x00007ffd39580000 - 0x00007ffd3963f000 	C:\WINDOWS\System32\KERNEL32.DLL
0x00007ffd38900000 - 0x00007ffd38bda000 	C:\WINDOWS\System32\KERNELBASE.dll
0x00007ffd38d20000 - 0x00007ffd38e20000 	C:\WINDOWS\System32\ucrtbase.dll
0x00007ffd33c80000 - 0x00007ffd33c98000 	C:\Program Files\Java\jdk-19\bin\jli.dll
0x00007ffd3b060000 - 0x00007ffd3b10e000 	C:\WINDOWS\System32\ADVAPI32.dll
0x00007ffd39850000 - 0x00007ffd398ee000 	C:\WINDOWS\System32\msvcrt.dll
0x00007ffd392d0000 - 0x00007ffd3936c000 	C:\WINDOWS\System32\sechost.dll
0x00007ffd396f0000 - 0x00007ffd39816000 	C:\WINDOWS\System32\RPCRT4.dll
0x00007ffd39370000 - 0x00007ffd3950d000 	C:\WINDOWS\System32\USER32.dll
0x00007ffd38be0000 - 0x00007ffd38c02000 	C:\WINDOWS\System32\win32u.dll
0x00007ffd398f0000 - 0x00007ffd3991b000 	C:\WINDOWS\System32\GDI32.dll
0x00007ffd38c10000 - 0x00007ffd38d20000 	C:\WINDOWS\System32\gdi32full.dll
0x00007ffd39110000 - 0x00007ffd391ad000 	C:\WINDOWS\System32\msvcp_win.dll
0x00007ffd33de0000 - 0x00007ffd33dfb000 	C:\Program Files\Java\jdk-19\bin\VCRUNTIME140.dll
0x00007ffd24900000 - 0x00007ffd24b9a000 	C:\WINDOWS\WinSxS\amd64_microsoft.windows.common-controls_6595b64144ccf1df_6.0.19041.1110_none_60b5254171f9507e\COMCTL32.dll
0x00007ffd27f90000 - 0x00007ffd27f9a000 	C:\WINDOWS\SYSTEM32\VERSION.dll
0x00007ffd3ab80000 - 0x00007ffd3abb0000 	C:\WINDOWS\System32\IMM32.DLL
0x00007ffd33c70000 - 0x00007ffd33c7c000 	C:\Program Files\Java\jdk-19\bin\vcruntime140_1.dll
0x00007ffd32040000 - 0x00007ffd320ce000 	C:\Program Files\Java\jdk-19\bin\msvcp140.dll
0x00007ffd07250000 - 0x00007ffd07f10000 	C:\Program Files\Java\jdk-19\bin\server\jvm.dll
0x00007ffd270e0000 - 0x00007ffd270e9000 	C:\WINDOWS\SYSTEM32\WSOCK32.dll
0x00007ffd3a7b0000 - 0x00007ffd3a81b000 	C:\WINDOWS\System32\WS2_32.dll
0x00007ffd22dc0000 - 0x00007ffd22de7000 	C:\WINDOWS\SYSTEM32\WINMM.dll
0x00007ffd36740000 - 0x00007ffd36752000 	C:\WINDOWS\SYSTEM32\kernel.appcore.dll
0x00007ffd33c60000 - 0x00007ffd33c6a000 	C:\Program Files\Java\jdk-19\bin\jimage.dll
0x00007ffd26dc0000 - 0x00007ffd26fa4000 	C:\WINDOWS\SYSTEM32\DBGHELP.DLL
0x00007ffd25a90000 - 0x00007ffd25ac4000 	C:\WINDOWS\SYSTEM32\dbgcore.DLL
0x00007ffd38e20000 - 0x00007ffd38ea2000 	C:\WINDOWS\System32\bcryptPrimitives.dll
0x00007ffd34390000 - 0x00007ffd3439e000 	C:\Program Files\Java\jdk-19\bin\instrument.dll
0x00007ffd33c30000 - 0x00007ffd33c56000 	C:\Program Files\Java\jdk-19\bin\java.dll
0x00007ffd31f60000 - 0x00007ffd32037000 	C:\Program Files\Java\jdk-19\bin\jsvml.dll
0x00007ffd39f70000 - 0x00007ffd3a6b4000 	C:\WINDOWS\System32\SHELL32.dll
0x00007ffd36940000 - 0x00007ffd370d3000 	C:\WINDOWS\SYSTEM32\windows.storage.dll
0x00007ffd3a820000 - 0x00007ffd3ab74000 	C:\WINDOWS\System32\combase.dll
0x00007ffd381e0000 - 0x00007ffd3820e000 	C:\WINDOWS\SYSTEM32\Wldp.dll
0x00007ffd3af50000 - 0x00007ffd3affd000 	C:\WINDOWS\System32\SHCORE.dll
0x00007ffd3aef0000 - 0x00007ffd3af45000 	C:\WINDOWS\System32\shlwapi.dll
0x00007ffd387a0000 - 0x00007ffd387bf000 	C:\WINDOWS\SYSTEM32\profapi.dll
0x00007ffd31f20000 - 0x00007ffd31f38000 	C:\Program Files\Java\jdk-19\bin\zip.dll
0x00007ffd325f0000 - 0x00007ffd32603000 	C:\Program Files\Java\jdk-19\bin\net.dll
0x00007ffd30a50000 - 0x00007ffd30b5a000 	C:\WINDOWS\SYSTEM32\WINHTTP.dll
0x00007ffd37f40000 - 0x00007ffd37faa000 	C:\WINDOWS\system32\mswsock.dll
0x00007ffd31f40000 - 0x00007ffd31f56000 	C:\Program Files\Java\jdk-19\bin\nio.dll
0x00007ffd34370000 - 0x00007ffd3438a000 	C:\Program Files\JetBrains\IntelliJ IDEA Community Edition 2023.1.1\bin\breakgen64.dll
0x00007ffd31f00000 - 0x00007ffd31f10000 	C:\Program Files\Java\jdk-19\bin\verify.dll
0x00007ffd332b0000 - 0x00007ffd332b8000 	C:\Program Files\Java\jdk-19\bin\extnet.dll
0x00007ffd342c0000 - 0x00007ffd342ca000 	C:\Program Files\Java\jdk-19\bin\management.dll
0x00007ffd33c00000 - 0x00007ffd33c0b000 	C:\Program Files\Java\jdk-19\bin\management_ext.dll
0x00007ffd39840000 - 0x00007ffd39848000 	C:\WINDOWS\System32\PSAPI.DLL
0x00007ffd1ed10000 - 0x00007ffd1ed27000 	C:\WINDOWS\system32\napinsp.dll
0x00007ffd1ecf0000 - 0x00007ffd1ed0b000 	C:\WINDOWS\system32\pnrpnsp.dll
0x00007ffd1ecd0000 - 0x00007ffd1ece5000 	C:\WINDOWS\system32\wshbth.dll
0x00007ffd34280000 - 0x00007ffd3429d000 	C:\WINDOWS\system32\NLAapi.dll
0x00007ffd37c30000 - 0x00007ffd37c6c000 	C:\WINDOWS\SYSTEM32\IPHLPAPI.DLL
0x00007ffd37c70000 - 0x00007ffd37d3b000 	C:\WINDOWS\SYSTEM32\DNSAPI.dll
0x00007ffd39510000 - 0x00007ffd39518000 	C:\WINDOWS\System32\NSI.dll
0x00007ffd1ecb0000 - 0x00007ffd1ecc2000 	C:\WINDOWS\System32\winrnr.dll
0x00007ffd2acb0000 - 0x00007ffd2acba000 	C:\Windows\System32\rasadhlp.dll
0x00007ffd2b990000 - 0x00007ffd2ba10000 	C:\WINDOWS\System32\fwpuclnt.dll
0x00007ffd388d0000 - 0x00007ffd388f7000 	C:\WINDOWS\System32\bcrypt.dll
0x00007ffd38130000 - 0x00007ffd38148000 	C:\WINDOWS\SYSTEM32\CRYPTSP.dll
0x00007ffd37860000 - 0x00007ffd37894000 	C:\WINDOWS\system32\rsaenh.dll
0x00007ffd38760000 - 0x00007ffd3878e000 	C:\WINDOWS\SYSTEM32\USERENV.dll
0x00007ffd38150000 - 0x00007ffd3815c000 	C:\WINDOWS\SYSTEM32\CRYPTBASE.dll
0x00007ffd30fe0000 - 0x00007ffd30ff7000 	C:\WINDOWS\SYSTEM32\dhcpcsvc6.DLL
0x00007ffd31470000 - 0x00007ffd3148d000 	C:\WINDOWS\SYSTEM32\dhcpcsvc.DLL
0x00007ffd31990000 - 0x00007ffd3199e000 	C:\Program Files\Java\jdk-19\bin\sunmscapi.dll
0x00007ffd38fb0000 - 0x00007ffd39106000 	C:\WINDOWS\System32\CRYPT32.dll
0x00007ffd38250000 - 0x00007ffd38278000 	C:\WINDOWS\SYSTEM32\ncrypt.dll
0x00007ffd38210000 - 0x00007ffd3824b000 	C:\WINDOWS\SYSTEM32\NTASN1.dll
0x00007ffd22ab0000 - 0x00007ffd22ab7000 	C:\WINDOWS\system32\wshunix.dll

dbghelp: loaded successfully - version: 4.0.5 - missing functions: none
symbol engine: initialized successfully - sym options: 0x614 - pdb path: .;C:\Program Files\Java\jdk-19\bin;C:\WINDOWS\SYSTEM32;C:\WINDOWS\WinSxS\amd64_microsoft.windows.common-controls_6595b64144ccf1df_6.0.19041.1110_none_60b5254171f9507e;C:\Program Files\Java\jdk-19\bin\server;C:\Program Files\JetBrains\IntelliJ IDEA Community Edition 2023.1.1\bin

VM Arguments:
jvm_args: -javaagent:C:\Program Files\JetBrains\IntelliJ IDEA Community Edition 2023.1.1\lib\idea_rt.jar=62290:C:\Program Files\JetBrains\IntelliJ IDEA Community Edition 2023.1.1\bin -Dfile.encoding=UTF-8 -Dsun.stdout.encoding=UTF-8 -Dsun.stderr.encoding=UTF-8 
java_command: com.example.Category.Management.CategoryManagementApplication
java_class_path (initial): C:\Users\sarat\Desktop\project\Category-Management\target\classes;C:\Users\sarat\.m2\repository\org\springframework\boot\spring-boot-starter-data-jpa\2.4.3\spring-boot-starter-data-jpa-2.4.3.jar;C:\Users\sarat\.m2\repository\org\springframework\boot\spring-boot-starter-aop\2.4.3\spring-boot-starter-aop-2.4.3.jar;C:\Users\sarat\.m2\repository\org\springframework\spring-aop\5.3.4\spring-aop-5.3.4.jar;C:\Users\sarat\.m2\repository\org\aspectj\aspectjweaver\1.9.6\aspectjweaver-1.9.6.jar;C:\Users\sarat\.m2\repository\org\springframework\boot\spring-boot-starter-jdbc\2.4.3\spring-boot-starter-jdbc-2.4.3.jar;C:\Users\sarat\.m2\repository\com\zaxxer\HikariCP\3.4.5\HikariCP-3.4.5.jar;C:\Users\sarat\.m2\repository\org\springframework\spring-jdbc\5.3.4\spring-jdbc-5.3.4.jar;C:\Users\sarat\.m2\repository\jakarta\transaction\jakarta.transaction-api\1.3.3\jakarta.transaction-api-1.3.3.jar;C:\Users\sarat\.m2\repository\jakarta\persistence\jakarta.persistence-api\2.2.3\jakarta.persistence-api-2.2.3.jar;C:\Users\sarat\.m2\repository\org\hibernate\hibernate-core\5.4.28.Final\hibernate-core-5.4.28.Final.jar;C:\Users\sarat\.m2\repository\org\jboss\logging\jboss-logging\3.4.1.Final\jboss-logging-3.4.1.Final.jar;C:\Users\sarat\.m2\repository\org\javassist\javassist\3.27.0-GA\javassist-3.27.0-GA.jar;C:\Users\sarat\.m2\repository\net\bytebuddy\byte-buddy\1.10.20\byte-buddy-1.10.20.jar;C:\Users\sarat\.m2\repository\antlr\antlr\2.7.7\antlr-2.7.7.jar;C:\Users\sarat\.m2\repository\org\jboss\jandex\2.2.3.Final\jandex-2.2.3.Final.jar;C:\Users\sarat\.m2\repository\org\dom4j\dom4j\2.1.3\dom4j-2.1.3.jar;C:\Users\sarat\.m2\repository\org\hibernate\common\hibernate-commons-annotations\5.1.2.Final\hibernate-commons-annotations-5.1.2.Final.jar;C:\Users\sarat\.m2\repository\org\glassfish\jaxb\jaxb-runtime\2.3.3\jaxb-runtime-2.3.3.jar;C:\Users\sarat\.m2\repository\org\glassfish\jaxb\txw2\2.3.3\txw2-2.3.3.jar;C:\Users\sarat\.m2\repository\com\sun\istack\istack-commons-runtime\3.0.11\istack-commons-runtime-3.0.11.jar;C:\Users\sarat\.m2\repository\org\springframework\data\spring-data-jpa\2.4.5\spring-data-jpa-2.4.5.jar;C:\Users\sarat\.m2\repository\org\springframework\data\spring-data-commons\2.4.5\spring-data-commons-2.4.5.jar;C:\Users\sarat\.m2\repository\org\springframework\spring-orm\5.3.4\spring-orm-5.3.4.jar;C:\Users\sarat\.m2\repository\org\springframework\spring-context\5.3.4\spring-context-5.3.4.jar;C:\Users\sarat\.m2\repository\org\springframework\spring-tx\5.3.4\spring-tx-5.3.4.jar;C:\Users\sarat\.m2\repository\org\springframework\spring-beans\5.3.4\spring-beans-5.3.4.jar;C:\Users\sarat\.m2\repository\org\springframework\spring-aspects\5.3.4\spring-aspects-5.3.4.jar;C:\Users\sarat\.m2\repository\org\springframework\boot\spring-boot-starter-web\2.4.3\spring-boot-starter-web-2.4.3.jar;C:\Users\sarat\.m2\repository\org\springframework\boot\spring-boot-starter\2.4.3\spring-boot-starter-2.4.3.jar;C:\Users\sarat\.m2\repository\org\springframework\boot\spring-boot\2.4.3\spring-boot-2.4.3.jar;C:\Users\sarat\.m2\repository\org\springframework\boot\spring-boot-autoconfigure\2.4.3\spring-boot-autoconfigure-2.4.3.jar;C:\Users\sarat\.m2\repository\org\springframework\boot\spring-boot-starter-logging\2.4.3\spring-boot-starter-logging-2.4.3.jar;C:\Users\sarat\.m2\repository\ch\qos\logback\logback-classic\1.2.3\logback-classic-1.2.3.jar;C:\Users\sarat\.m2\repository\ch\qos\logback\logback-core\1.2.3\logback-core-1.2.3.jar;C:\Users\sarat\.m2\repository\org\apache\logging\log4j\log4j-to-slf4j\2.13.3\log4j-to-slf4j-2.13.3.jar;C:\Users\sarat\.m2\repository\org\apache\logging\log4j\log4j-api\2.13.3\log4j-api-2.13.3.jar;C:\Users\sarat\.m2\repository\org\slf4j\jul-to-slf4j\1.7.30\jul-to-slf4j-1.7.30.jar;C:\Users\sarat\.m2\repository\jakarta\annotation\jakarta.annotation-api\1.3.5\jakarta.annotation-api-1.3.5.jar;C:\Users\sarat\.m2\repository\org\yaml\snakeyaml\1.27\snakeyaml-1.27.jar;C:\Users\sarat\.m2\repository\org\springframework\boot\spring-boot-starter-json\2.4.3\spring-boot-starter-json-2.4.3.jar;C:\Users\sarat\.m2\repository\com\fasterxml\jackson\core\jackson-databind\2.11.4\jackson-databind-2.11.4.jar;C:\Users\sarat\.m2\repository\com\fasterxml\jackson\datatype\jackson-datatype-jdk8\2.11.4\jackson-datatype-jdk8-2.11.4.jar;C:\Users\sarat\.m2\repository\com\fasterxml\jackson\datatype\jackson-datatype-jsr310\2.11.4\jackson-datatype-jsr310-2.11.4.jar;C:\Users\sarat\.m2\repository\com\fasterxml\jackson\module\jackson-module-parameter-names\2.11.4\jackson-module-parameter-names-2.11.4.jar;C:\Users\sarat\.m2\repository\org\springframework\boot\spring-boot-starter-tomcat\2.4.3\spring-boot-starter-tomcat-2.4.3.jar;C:\Users\sarat\.m2\repository\org\apache\tomcat\embed\tomcat-embed-core\9.0.43\tomcat-embed-core-9.0.43.jar;C:\Users\sarat\.m2\repository\org\apache\tomcat\embed\tomcat-embed-websocket\9.0.43\tomcat-embed-websocket-9.0.43.jar;C:\Users\sarat\.m2\repository\org\springframework\spring-web\5.3.4\spring-web-5.3.4.jar;C:\Users\sarat\.m2\repository\org\springframework\spring-webmvc\5.3.4\spring-webmvc-5.3.4.jar;C:\Users\sarat\.m2\repository\org\springframework\spring-expression\5.3.4\spring-expression-5.3.4.jar;C:\Users\sarat\.m2\repository\org\springdoc\springdoc-openapi-ui\1.6.4\springdoc-openapi-ui-1.6.4.jar;C:\Users\sarat\.m2\repository\org\springdoc\springdoc-openapi-webmvc-core\1.6.4\springdoc-openapi-webmvc-core-1.6.4.jar;C:\Users\sarat\.m2\repository\org\springdoc\springdoc-openapi-common\1.6.4\springdoc-openapi-common-1.6.4.jar;C:\Users\sarat\.m2\repository\io\swagger\core\v3\swagger-core\2.1.12\swagger-core-2.1.12.jar;C:\Users\sarat\.m2\repository\org\apache\commons\commons-lang3\3.11\commons-lang3-3.11.jar;C:\Users\sarat\.m2\repository\com\fasterxml\jackson\dataformat\jackson-dataformat-yaml\2.11.4\jackson-dataformat-yaml-2.11.4.jar;C:\Users\sarat\.m2\repository\io\swagger\core\v3\swagger-models\2.1.12\swagger-models-2.1.12.jar;C:\Users\sarat\.m2\repository\org\webjars\swagger-ui\4.1.3\swagger-ui-4.1.3.jar;C:\Users\sarat\.m2\repository\org\webjars\webjars-locator-core\0.46\webjars-locator-core-0.46.jar;C:\Users\sarat\.m2\repository\com\fasterxml\jackson\core\jackson-core\2.11.4\jackson-core-2.11.4.jar;C:\Users\sarat\.m2\repository\io\github\classgraph\classgraph\4.8.138\classgraph-4.8.138.jar;C:\Users\sarat\.m2\repository\io\springfox\springfox-swagger2\3.0.0\springfox-swagger2-3.0.0.jar;C:\Users\sarat\.m2\repository\io\springfox\springfox-spi\3.0.0\springfox-spi-3.0.0.jar;C:\Users\sarat\.m2\repository\io\springfox\springfox-core\3.0.0\springfox-core-3.0.0.jar;C:\Users\sarat\.m2\repository\io\springfox\springfox-schema\3.0.0\springfox-schema-3.0.0.jar;C:\Users\sarat\.m2\repository\io\springfox\springfox-swagger-common\3.0.0\springfox-swagger-common-3.0.0.jar;C:\Users\sarat\.m2\repository\io\swagger\core\v3\swagger-annotations\2.1.2\swagger-annotations-2.1.2.jar;C:\Users\sarat\.m2\repository\io\springfox\springfox-spring-web\3.0.0\springfox-spring-web-3.0.0.jar;C:\Users\sarat\.m2\repository\io\springfox\springfox-spring-webmvc\3.0.0\springfox-spring-webmvc-3.0.0.jar;C:\Users\sarat\.m2\repository\io\springfox\springfox-spring-webflux\3.0.0\springfox-spring-webflux-3.0.0.jar;C:\Users\sarat\.m2\repository\com\fasterxml\classmate\1.5.1\classmate-1.5.1.jar;C:\Users\sarat\.m2\repository\org\slf4j\slf4j-api\1.7.30\slf4j-api-1.7.30.jar;C:\Users\sarat\.m2\repository\org\springframework\plugin\spring-plugin-core\2.0.0.RELEASE\spring-plugin-core-2.0.0.RELEASE.jar;C:\Users\sarat\.m2\repository\org\springframework\plugin\spring-plugin-metadata\2.0.0.RELEASE\spring-plugin-metadata-2.0.0.RELEASE.jar;C:\Users\sarat\.m2\repository\io\swagger\swagger-annotations\1.5.20\swagger-annotations-1.5.20.jar;C:\Users\sarat\.m2\repository\io\swagger\swagger-models\1.5.20\swagger-models-1.5.20.jar;C:\Users\sarat\.m2\repository\com\fasterxml\jackson\core\jackson-annotations\2.11.4\jackson-annotations-2.11.4.jar;C:\Users\sarat\.m2\repository\org\mapstruct\mapstruct\1.3.1.Final\mapstruct-1.3.1.Final.jar;C:\Users\sarat\.m2\repository\io\springfox\springfox-swagger-ui\2.9.2\springfox-swagger-ui-2.9.2.jar;C:\Users\sarat\.m2\repository\org\springframework\boot\spring-boot-starter-validation\2.4.3\spring-boot-starter-validation-2.4.3.jar;C:\Users\sarat\.m2\repository\org\glassfish\jakarta.el\3.0.3\jakarta.el-3.0.3.jar;C:\Users\sarat\.m2\repository\org\hibernate\validator\hibernate-validator\6.1.7.Final\hibernate-validator-6.1.7.Final.jar;C:\Users\sarat\.m2\repository\jakarta\validation\jakarta.validation-api\2.0.2\jakarta.validation-api-2.0.2.jar;C:\Users\sarat\.m2\repository\org\springframework\boot\spring-boot-starter-mail\2.4.3\spring-boot-starter-mail-2.4.3.jar;C:\Users\sarat\.m2\repository\org\springframework\spring-context-support\5.3.4\spring-context-support-5.3.4.jar;C:\Users\sarat\.m2\repository\com\sun\mail\jakarta.mail\1.6.5\jakarta.mail-1.6.5.jar;C:\Users\sarat\.m2\repository\com\sun\activation\jakarta.activation\1.2.2\jakarta.activation-1.2.2.jar;C:\Users\sarat\.m2\repository\mysql\mysql-connector-java\8.0.23\mysql-connector-java-8.0.23.jar;C:\Users\sarat\.m2\repository\org\projectlombok\lombok\1.18.18\lombok-1.18.18.jar;C:\Users\sarat\.m2\repository\jakarta\xml\bind\jakarta.xml.bind-api\2.3.3\jakarta.xml.bind-api-2.3.3.jar;C:\Users\sarat\.m2\repository\jakarta\activation\jakarta.activation-api\1.2.2\jakarta.activation-api-1.2.2.jar;C:\Users\sarat\.m2\repository\org\springframework\spring-core\5.3.4\spring-core-5.3.4.jar;C:\Users\sarat\.m2\repository\org\springframework\spring-jcl\5.3.4\spring-jcl-5.3.4.jar
Launcher Type: SUN_STANDARD

[Global flags]
     intx CICompilerCount                          = 3                                         {product} {ergonomic}
     uint ConcGCThreads                            = 1                                         {product} {ergonomic}
     uint G1ConcRefinementThreads                  = 4                                         {product} {ergonomic}
   size_t G1HeapRegionSize                         = 1048576                                   {product} {ergonomic}
    uintx GCDrainStackTargetSize                   = 64                                        {product} {ergonomic}
   size_t InitialHeapSize                          = 134217728                                 {product} {ergonomic}
   size_t MarkStackSize                            = 4194304                                   {product} {ergonomic}
   size_t MaxHeapSize                              = 2120220672                                {product} {ergonomic}
   size_t MaxNewSize                               = 1271922688                                {product} {ergonomic}
   size_t MinHeapDeltaBytes                        = 1048576                                   {product} {ergonomic}
   size_t MinHeapSize                              = 8388608                                   {product} {ergonomic}
    uintx NonNMethodCodeHeapSize                   = 5832780                                {pd product} {ergonomic}
    uintx NonProfiledCodeHeapSize                  = 122912730                              {pd product} {ergonomic}
    uintx ProfiledCodeHeapSize                     = 122912730                              {pd product} {ergonomic}
    uintx ReservedCodeCacheSize                    = 251658240                              {pd product} {ergonomic}
     bool SegmentedCodeCache                       = true                                      {product} {ergonomic}
   size_t SoftMaxHeapSize                          = 2120220672                             {manageable} {ergonomic}
     bool UseCompressedClassPointers               = true                           {product lp64_product} {ergonomic}
     bool UseCompressedOops                        = true                           {product lp64_product} {ergonomic}
     bool UseG1GC                                  = true                                      {product} {ergonomic}
     bool UseLargePagesIndividualAllocation        = false                                  {pd product} {ergonomic}

Logging:
Log output configuration:
 #0: stdout all=warning uptime,level,tags foldmultilines=false
 #1: stderr all=off uptime,level,tags foldmultilines=false

Environment Variables:
JAVA_HOME=C:\Program Files\Java\jdk-19
PATH=C:\Program Files (x86)\NVIDIA Corporation\PhysX\Common;C:\Program Files\Common Files\Oracle\Java\javapath;C:\WINDOWS\system32;C:\WINDOWS;C:\WINDOWS\System32\Wbem;C:\WINDOWS\System32\WindowsPowerShell\v1.0\;C:\WINDOWS\System32\OpenSSH\;C:\Program Files\Git\cmd;C:\Program Files\Java\jdk-19\bin;C:\Program Files\apache-maven-3.9.1\bin;C:\Program Files\apache-maven-3.9.1\bin;C:\Program Files\MySQL\MySQL Server 8.0\bin;C:\Program Files\MySQL\MySQL Shell 8.0\bin\;C:\Program Files\JetBrains\IntelliJ IDEA Community Edition 2023.1.1\bin;
USERNAME=sarath
OS=Windows_NT
PROCESSOR_IDENTIFIER=Intel64 Family 6 Model 58 Stepping 9, GenuineIntel
TMP=C:\Users\sarat\AppData\Local\Temp
TEMP=C:\Users\sarat\AppData\Local\Temp



---------------  S Y S T E M  ---------------

OS:
 Windows 10 , 64 bit Build 19041 (10.0.19041.2788)
OS uptime: 0 days 2:31 hours

CPU: total 4 (initial active 4) (2 cores per cpu, 2 threads per core) family 6 model 58 stepping 9 microcode 0x21, cx8, cmov, fxsr, ht, mmx, sse, sse2, sse3, ssse3, sse4.1, sse4.2, popcnt, tsc, tscinvbit, avx, erms, clmul, vzeroupper, clflush, rdtscp

Memory: 4k page, system-wide physical 8081M (822M free)
TotalPageFile size 10129M (AvailPageFile size 2M)
current process WorkingSet (physical memory assigned to process): 72M, peak: 297M
current process commit charge ("private bytes"): 345M, peak: 362M

vm_info: Java HotSpot(TM) 64-Bit Server VM (19.0.1+10-21) for windows-amd64 JRE (19.0.1+10-21), built on 2022-09-14T12:45:06Z by "mach5one" with MS VC++ 17.1 (VS2022)

END.
